  [1m[35m (0.2ms)[0m  [1m[35mDROP DATABASE IF EXISTS "relational_rails_development"[0m
  ↳ bin/rails:4
  [1m[35m (0.1ms)[0m  [1m[35mDROP DATABASE IF EXISTS "relational_rails_test"[0m
  ↳ bin/rails:4
  [1m[35m (161.4ms)[0m  [1m[35mCREATE DATABASE "relational_rails_development" ENCODING = 'unicode'[0m
  ↳ bin/rails:4
  [1m[35m (75.7ms)[0m  [1m[35mCREATE DATABASE "relational_rails_test" ENCODING = 'unicode'[0m
  ↳ bin/rails:4
Started GET "/" for ::1 at 2023-03-26 17:51:17 -0500
Processing by Rails::WelcomeController#index as HTML
  Rendering /Users/brandenge/.rbenv/versions/2.7.4/lib/ruby/gems/2.7.0/gems/railties-5.2.8.1/lib/rails/templates/rails/welcome/index.html.erb
  Rendered /Users/brandenge/.rbenv/versions/2.7.4/lib/ruby/gems/2.7.0/gems/railties-5.2.8.1/lib/rails/templates/rails/welcome/index.html.erb (2.4ms)
Completed 200 OK in 7ms (Views: 6.1ms | ActiveRecord: 0.0ms)


  [1m[35m (42.4ms)[0m  [1m[35mDROP DATABASE IF EXISTS "relational_rails_development"[0m
  ↳ bin/rails:4
  [1m[35m (20.6ms)[0m  [1m[35mDROP DATABASE IF EXISTS "relational_rails_test"[0m
  ↳ bin/rails:4
  [1m[35m (123.0ms)[0m  [1m[35mCREATE DATABASE "relational_rails_development" ENCODING = 'unicode'[0m
  ↳ bin/rails:4
  [1m[35m (55.4ms)[0m  [1m[35mCREATE DATABASE "relational_rails_test" ENCODING = 'unicode'[0m
  ↳ bin/rails:4
  [1m[35m (17.3ms)[0m  [1m[35mCREATE TABLE "schema_migrations" ("version" character varying NOT NULL PRIMARY KEY)[0m
  ↳ bin/rails:4
  [1m[35m (3.1ms)[0m  [1m[35mCREATE TABLE "ar_internal_metadata" ("key" character varying NOT NULL PRIMARY KEY, "value" character varying, "created_at" timestamp NOT NULL, "updated_at" timestamp NOT NULL)[0m
  ↳ bin/rails:4
  [1m[35m (0.3ms)[0m  [1m[34mSELECT pg_try_advisory_lock(6619517006900186970)[0m
  ↳ bin/rails:4
  [1m[35m (0.4ms)[0m  [1m[34mSELECT "schema_migrations"."version" FROM "schema_migrations" ORDER BY "schema_migrations"."version" ASC[0m
  ↳ bin/rails:4
Migrating to CreateAuthors (20230327022417)
  [1m[35m (0.1ms)[0m  [1m[35mBEGIN[0m
  ↳ bin/rails:4
  [1m[35m (1.5ms)[0m  [1m[31mROLLBACK[0m
  ↳ bin/rails:4
  [1m[35m (0.2ms)[0m  [1m[34mSELECT pg_advisory_unlock(6619517006900186970)[0m
  ↳ bin/rails:4
  [1m[35m (0.2ms)[0m  [1m[34mSELECT pg_try_advisory_lock(6619517006900186970)[0m
  ↳ bin/rails:4
  [1m[35m (0.8ms)[0m  [1m[34mSELECT "schema_migrations"."version" FROM "schema_migrations" ORDER BY "schema_migrations"."version" ASC[0m
  ↳ bin/rails:4
Migrating to CreateAuthors (20230327022417)
  [1m[35m (0.1ms)[0m  [1m[35mBEGIN[0m
  ↳ bin/rails:4
  [1m[35m (8.0ms)[0m  [1m[35mCREATE TABLE "authors" ("id" bigserial primary key, "name" text NOT NULL, "birthdate" date NOT NULL, "is_alive" boolean NOT NULL, "citation_count" integer NOT NULL, "created_at" timestamp NOT NULL, "updated_at" timestamp NOT NULL)[0m
  ↳ db/migrate/20230327022417_create_authors.rb:3
  [1m[36mActiveRecord::SchemaMigration Create (0.6ms)[0m  [1m[32mINSERT INTO "schema_migrations" ("version") VALUES ($1) RETURNING "version"[0m  [["version", "20230327022417"]]
  ↳ bin/rails:4
  [1m[35m (0.4ms)[0m  [1m[35mCOMMIT[0m
  ↳ bin/rails:4
Migrating to CreateBooks (20230327022627)
  [1m[35m (0.2ms)[0m  [1m[35mBEGIN[0m
  ↳ bin/rails:4
  [1m[35m (7.2ms)[0m  [1m[35mCREATE TABLE "books" ("id" bigserial primary key, "title" text NOT NULL, "subtitle" text, "publisher" text NOT NULL, "publication_date" date NOT NULL, "is_in_print" boolean NOT NULL, "page_count" integer NOT NULL, "author_id" bigint, "created_at" timestamp NOT NULL, "updated_at" timestamp NOT NULL, CONSTRAINT "fk_rails_53d51ce16a"
FOREIGN KEY ("author_id")
  REFERENCES "authors" ("id")
)[0m
  ↳ db/migrate/20230327022627_create_books.rb:3
  [1m[35m (1.6ms)[0m  [1m[35mCREATE  INDEX  "index_books_on_author_id" ON "books"  ("author_id")[0m
  ↳ db/migrate/20230327022627_create_books.rb:3
  [1m[36mActiveRecord::SchemaMigration Create (0.3ms)[0m  [1m[32mINSERT INTO "schema_migrations" ("version") VALUES ($1) RETURNING "version"[0m  [["version", "20230327022627"]]
  ↳ bin/rails:4
  [1m[35m (0.3ms)[0m  [1m[35mCOMMIT[0m
  ↳ bin/rails:4
  [1m[36mActiveRecord::InternalMetadata Load (0.6ms)[0m  [1m[34mSELECT  "ar_internal_metadata".* FROM "ar_internal_metadata" WHERE "ar_internal_metadata"."key" = $1 LIMIT $2[0m  [["key", "environment"], ["LIMIT", 1]]
  ↳ bin/rails:4
  [1m[35m (0.1ms)[0m  [1m[35mBEGIN[0m
  ↳ bin/rails:4
  [1m[36mActiveRecord::InternalMetadata Create (2.1ms)[0m  [1m[32mINSERT INTO "ar_internal_metadata" ("key", "value", "created_at", "updated_at") VALUES ($1, $2, $3, $4) RETURNING "key"[0m  [["key", "environment"], ["value", "development"], ["created_at", "2023-03-27 02:48:53.910973"], ["updated_at", "2023-03-27 02:48:53.910973"]]
  ↳ bin/rails:4
  [1m[35m (0.2ms)[0m  [1m[35mCOMMIT[0m
  ↳ bin/rails:4
  [1m[35m (0.2ms)[0m  [1m[34mSELECT pg_advisory_unlock(6619517006900186970)[0m
  ↳ bin/rails:4
  [1m[35m (0.1ms)[0m  [1m[34mSELECT "schema_migrations"."version" FROM "schema_migrations" ORDER BY "schema_migrations"."version" ASC[0m
  ↳ bin/rails:4
  [1m[35m (0.9ms)[0m  [1m[34mSELECT "schema_migrations"."version" FROM "schema_migrations" ORDER BY "schema_migrations"."version" ASC[0m
  ↳ bin/rails:4
  [1m[35m (0.8ms)[0m  [1m[34mSELECT "schema_migrations"."version" FROM "schema_migrations" ORDER BY "schema_migrations"."version" ASC[0m
  ↳ bin/rails:4
  [1m[35m (0.1ms)[0m  [1m[35mBEGIN[0m
  ↳ db/seeds.rb:14
  [1m[36mAuthor Create (2.9ms)[0m  [1m[32mINSERT INTO "authors" ("name", "birthdate", "is_alive", "citation_count", "created_at", "updated_at") VALUES ($1, $2, $3, $4, $5, $6) RETURNING "id"[0m  [["name", "Gabor Mate"], ["birthdate", "1944-01-06"], ["is_alive", true], ["citation_count", 120], ["created_at", "2023-03-27 02:50:06.161585"], ["updated_at", "2023-03-27 02:50:06.161585"]]
  ↳ db/seeds.rb:14
  [1m[35m (0.3ms)[0m  [1m[35mCOMMIT[0m
  ↳ db/seeds.rb:14
  [1m[35m (0.1ms)[0m  [1m[35mBEGIN[0m
  ↳ db/seeds.rb:15
  [1m[36mAuthor Create (0.2ms)[0m  [1m[32mINSERT INTO "authors" ("name", "birthdate", "is_alive", "citation_count", "created_at", "updated_at") VALUES ($1, $2, $3, $4, $5, $6) RETURNING "id"[0m  [["name", "Malcom Gladwell"], ["birthdate", "1963-09-03"], ["is_alive", true], ["citation_count", 1540], ["created_at", "2023-03-27 02:50:06.166559"], ["updated_at", "2023-03-27 02:50:06.166559"]]
  ↳ db/seeds.rb:15
  [1m[35m (0.2ms)[0m  [1m[35mCOMMIT[0m
  ↳ db/seeds.rb:15
  [1m[35m (0.1ms)[0m  [1m[35mBEGIN[0m
  ↳ db/seeds.rb:16
  [1m[36mAuthor Create (0.2ms)[0m  [1m[32mINSERT INTO "authors" ("name", "birthdate", "is_alive", "citation_count", "created_at", "updated_at") VALUES ($1, $2, $3, $4, $5, $6) RETURNING "id"[0m  [["name", "Seth Godin"], ["birthdate", "1960-07-10"], ["is_alive", true], ["citation_count", 425], ["created_at", "2023-03-27 02:50:06.167575"], ["updated_at", "2023-03-27 02:50:06.167575"]]
  ↳ db/seeds.rb:16
  [1m[35m (0.2ms)[0m  [1m[35mCOMMIT[0m
  ↳ db/seeds.rb:16
  [1m[35m (0.1ms)[0m  [1m[35mBEGIN[0m
  ↳ db/seeds.rb:17
  [1m[35m (0.1ms)[0m  [1m[31mROLLBACK[0m
  ↳ db/seeds.rb:17
  [1m[35m (0.9ms)[0m  [1m[34mSELECT "schema_migrations"."version" FROM "schema_migrations" ORDER BY "schema_migrations"."version" ASC[0m
  ↳ bin/rails:4
  [1m[35m (0.5ms)[0m  [1m[34mSELECT "ar_internal_metadata"."value" FROM "ar_internal_metadata" WHERE "ar_internal_metadata"."key" = $1[0m  [["key", "environment"]]
  ↳ bin/rails:4
  [1m[35m (0.2ms)[0m  [1m[34mSELECT "schema_migrations"."version" FROM "schema_migrations" ORDER BY "schema_migrations"."version" ASC[0m
  ↳ bin/rails:4
  [1m[35m (0.1ms)[0m  [1m[34mSELECT "ar_internal_metadata"."value" FROM "ar_internal_metadata" WHERE "ar_internal_metadata"."key" = $1[0m  [["key", "environment"]]
  ↳ bin/rails:4
  [1m[35m (0.2ms)[0m  [1m[34mSELECT "schema_migrations"."version" FROM "schema_migrations" ORDER BY "schema_migrations"."version" ASC[0m
  ↳ bin/rails:4
  [1m[35m (0.1ms)[0m  [1m[34mSELECT "ar_internal_metadata"."value" FROM "ar_internal_metadata" WHERE "ar_internal_metadata"."key" = $1[0m  [["key", "environment"]]
  ↳ bin/rails:4
  [1m[35m (38.6ms)[0m  [1m[35mDROP DATABASE IF EXISTS "relational_rails_development"[0m
  ↳ bin/rails:4
  [1m[35m (12.6ms)[0m  [1m[35mDROP DATABASE IF EXISTS "relational_rails_test"[0m
  ↳ bin/rails:4
  [1m[35m (119.0ms)[0m  [1m[35mCREATE DATABASE "relational_rails_development" ENCODING = 'unicode'[0m
  ↳ bin/rails:4
  [1m[35m (53.0ms)[0m  [1m[35mCREATE DATABASE "relational_rails_test" ENCODING = 'unicode'[0m
  ↳ bin/rails:4
  [1m[35m (2.3ms)[0m  [1m[35mCREATE TABLE "schema_migrations" ("version" character varying NOT NULL PRIMARY KEY)[0m
  ↳ bin/rails:4
  [1m[35m (1.1ms)[0m  [1m[35mCREATE TABLE "ar_internal_metadata" ("key" character varying NOT NULL PRIMARY KEY, "value" character varying, "created_at" timestamp NOT NULL, "updated_at" timestamp NOT NULL)[0m
  ↳ bin/rails:4
  [1m[35m (0.1ms)[0m  [1m[34mSELECT pg_try_advisory_lock(6619517006900186970)[0m
  ↳ bin/rails:4
  [1m[35m (0.2ms)[0m  [1m[34mSELECT "schema_migrations"."version" FROM "schema_migrations" ORDER BY "schema_migrations"."version" ASC[0m
  ↳ bin/rails:4
Migrating to CreateAuthors (20230327022417)
  [1m[35m (0.0ms)[0m  [1m[35mBEGIN[0m
  ↳ bin/rails:4
  [1m[35m (1.5ms)[0m  [1m[35mCREATE TABLE "authors" ("id" bigserial primary key, "name" text NOT NULL, "birthdate" date NOT NULL, "is_alive" boolean NOT NULL, "citation_count" integer NOT NULL, "created_at" timestamp NOT NULL, "updated_at" timestamp NOT NULL)[0m
  ↳ db/migrate/20230327022417_create_authors.rb:3
  [1m[36mActiveRecord::SchemaMigration Create (0.1ms)[0m  [1m[32mINSERT INTO "schema_migrations" ("version") VALUES ($1) RETURNING "version"[0m  [["version", "20230327022417"]]
  ↳ bin/rails:4
  [1m[35m (0.1ms)[0m  [1m[35mCOMMIT[0m
  ↳ bin/rails:4
Migrating to CreateBooks (20230327022627)
  [1m[35m (0.1ms)[0m  [1m[35mBEGIN[0m
  ↳ bin/rails:4
  [1m[35m (2.1ms)[0m  [1m[35mCREATE TABLE "books" ("id" bigserial primary key, "title" text NOT NULL, "subtitle" text, "publisher" text NOT NULL, "publication_date" date NOT NULL, "is_in_print" boolean NOT NULL, "page_count" integer NOT NULL, "author_id" bigint, "created_at" timestamp NOT NULL, "updated_at" timestamp NOT NULL, CONSTRAINT "fk_rails_53d51ce16a"
FOREIGN KEY ("author_id")
  REFERENCES "authors" ("id")
)[0m
  ↳ db/migrate/20230327022627_create_books.rb:3
  [1m[35m (0.5ms)[0m  [1m[35mCREATE  INDEX  "index_books_on_author_id" ON "books"  ("author_id")[0m
  ↳ db/migrate/20230327022627_create_books.rb:3
  [1m[36mActiveRecord::SchemaMigration Create (0.1ms)[0m  [1m[32mINSERT INTO "schema_migrations" ("version") VALUES ($1) RETURNING "version"[0m  [["version", "20230327022627"]]
  ↳ bin/rails:4
  [1m[35m (0.1ms)[0m  [1m[35mCOMMIT[0m
  ↳ bin/rails:4
  [1m[36mActiveRecord::InternalMetadata Load (0.1ms)[0m  [1m[34mSELECT  "ar_internal_metadata".* FROM "ar_internal_metadata" WHERE "ar_internal_metadata"."key" = $1 LIMIT $2[0m  [["key", "environment"], ["LIMIT", 1]]
  ↳ bin/rails:4
  [1m[35m (0.1ms)[0m  [1m[35mBEGIN[0m
  ↳ bin/rails:4
  [1m[36mActiveRecord::InternalMetadata Create (0.2ms)[0m  [1m[32mINSERT INTO "ar_internal_metadata" ("key", "value", "created_at", "updated_at") VALUES ($1, $2, $3, $4) RETURNING "key"[0m  [["key", "environment"], ["value", "development"], ["created_at", "2023-03-27 02:51:21.300995"], ["updated_at", "2023-03-27 02:51:21.300995"]]
  ↳ bin/rails:4
  [1m[35m (0.1ms)[0m  [1m[35mCOMMIT[0m
  ↳ bin/rails:4
  [1m[35m (0.1ms)[0m  [1m[34mSELECT pg_advisory_unlock(6619517006900186970)[0m
  ↳ bin/rails:4
  [1m[35m (0.1ms)[0m  [1m[34mSELECT "schema_migrations"."version" FROM "schema_migrations" ORDER BY "schema_migrations"."version" ASC[0m
  ↳ bin/rails:4
  [1m[35m (0.9ms)[0m  [1m[34mSELECT "schema_migrations"."version" FROM "schema_migrations" ORDER BY "schema_migrations"."version" ASC[0m
  ↳ bin/rails:4
  [1m[35m (0.1ms)[0m  [1m[35mBEGIN[0m
  ↳ db/seeds.rb:14
  [1m[36mAuthor Create (1.2ms)[0m  [1m[32mINSERT INTO "authors" ("name", "birthdate", "is_alive", "citation_count", "created_at", "updated_at") VALUES ($1, $2, $3, $4, $5, $6) RETURNING "id"[0m  [["name", "Gabor Mate"], ["birthdate", "1944-01-06"], ["is_alive", true], ["citation_count", 120], ["created_at", "2023-03-27 02:52:00.103499"], ["updated_at", "2023-03-27 02:52:00.103499"]]
  ↳ db/seeds.rb:14
  [1m[35m (0.4ms)[0m  [1m[35mCOMMIT[0m
  ↳ db/seeds.rb:14
  [1m[35m (0.1ms)[0m  [1m[35mBEGIN[0m
  ↳ db/seeds.rb:15
  [1m[36mAuthor Create (0.2ms)[0m  [1m[32mINSERT INTO "authors" ("name", "birthdate", "is_alive", "citation_count", "created_at", "updated_at") VALUES ($1, $2, $3, $4, $5, $6) RETURNING "id"[0m  [["name", "Malcom Gladwell"], ["birthdate", "1963-09-03"], ["is_alive", true], ["citation_count", 1540], ["created_at", "2023-03-27 02:52:00.106417"], ["updated_at", "2023-03-27 02:52:00.106417"]]
  ↳ db/seeds.rb:15
  [1m[35m (0.2ms)[0m  [1m[35mCOMMIT[0m
  ↳ db/seeds.rb:15
  [1m[35m (0.1ms)[0m  [1m[35mBEGIN[0m
  ↳ db/seeds.rb:16
  [1m[36mAuthor Create (0.2ms)[0m  [1m[32mINSERT INTO "authors" ("name", "birthdate", "is_alive", "citation_count", "created_at", "updated_at") VALUES ($1, $2, $3, $4, $5, $6) RETURNING "id"[0m  [["name", "Seth Godin"], ["birthdate", "1960-07-10"], ["is_alive", true], ["citation_count", 425], ["created_at", "2023-03-27 02:52:00.107541"], ["updated_at", "2023-03-27 02:52:00.107541"]]
  ↳ db/seeds.rb:16
  [1m[35m (0.2ms)[0m  [1m[35mCOMMIT[0m
  ↳ db/seeds.rb:16
  [1m[35m (0.1ms)[0m  [1m[35mBEGIN[0m
  ↳ db/seeds.rb:17
  [1m[35m (0.1ms)[0m  [1m[31mROLLBACK[0m
  ↳ db/seeds.rb:17
  [1m[35m (0.9ms)[0m  [1m[34mSELECT "schema_migrations"."version" FROM "schema_migrations" ORDER BY "schema_migrations"."version" ASC[0m
  ↳ bin/rails:4
  [1m[35m (0.5ms)[0m  [1m[34mSELECT "ar_internal_metadata"."value" FROM "ar_internal_metadata" WHERE "ar_internal_metadata"."key" = $1[0m  [["key", "environment"]]
  ↳ bin/rails:4
  [1m[35m (0.2ms)[0m  [1m[34mSELECT "schema_migrations"."version" FROM "schema_migrations" ORDER BY "schema_migrations"."version" ASC[0m
  ↳ bin/rails:4
  [1m[35m (0.1ms)[0m  [1m[34mSELECT "ar_internal_metadata"."value" FROM "ar_internal_metadata" WHERE "ar_internal_metadata"."key" = $1[0m  [["key", "environment"]]
  ↳ bin/rails:4
  [1m[35m (0.2ms)[0m  [1m[34mSELECT "schema_migrations"."version" FROM "schema_migrations" ORDER BY "schema_migrations"."version" ASC[0m
  ↳ bin/rails:4
  [1m[35m (0.2ms)[0m  [1m[34mSELECT "ar_internal_metadata"."value" FROM "ar_internal_metadata" WHERE "ar_internal_metadata"."key" = $1[0m  [["key", "environment"]]
  ↳ bin/rails:4
  [1m[35m (40.6ms)[0m  [1m[35mDROP DATABASE IF EXISTS "relational_rails_development"[0m
  ↳ bin/rails:4
  [1m[35m (17.9ms)[0m  [1m[35mDROP DATABASE IF EXISTS "relational_rails_test"[0m
  ↳ bin/rails:4
  [1m[35m (108.9ms)[0m  [1m[35mCREATE DATABASE "relational_rails_development" ENCODING = 'unicode'[0m
  ↳ bin/rails:4
  [1m[35m (49.2ms)[0m  [1m[35mCREATE DATABASE "relational_rails_test" ENCODING = 'unicode'[0m
  ↳ bin/rails:4
  [1m[35m (2.5ms)[0m  [1m[35mCREATE TABLE "schema_migrations" ("version" character varying NOT NULL PRIMARY KEY)[0m
  ↳ bin/rails:4
  [1m[35m (1.0ms)[0m  [1m[35mCREATE TABLE "ar_internal_metadata" ("key" character varying NOT NULL PRIMARY KEY, "value" character varying, "created_at" timestamp NOT NULL, "updated_at" timestamp NOT NULL)[0m
  ↳ bin/rails:4
  [1m[35m (0.1ms)[0m  [1m[34mSELECT pg_try_advisory_lock(6619517006900186970)[0m
  ↳ bin/rails:4
  [1m[35m (0.2ms)[0m  [1m[34mSELECT "schema_migrations"."version" FROM "schema_migrations" ORDER BY "schema_migrations"."version" ASC[0m
  ↳ bin/rails:4
Migrating to CreateAuthors (20230327022417)
  [1m[35m (0.0ms)[0m  [1m[35mBEGIN[0m
  ↳ bin/rails:4
  [1m[35m (1.5ms)[0m  [1m[35mCREATE TABLE "authors" ("id" bigserial primary key, "name" text NOT NULL, "birthdate" date NOT NULL, "is_alive" boolean DEFAULT TRUE NOT NULL, "citation_count" integer NOT NULL, "created_at" timestamp NOT NULL, "updated_at" timestamp NOT NULL)[0m
  ↳ db/migrate/20230327022417_create_authors.rb:3
  [1m[36mActiveRecord::SchemaMigration Create (0.1ms)[0m  [1m[32mINSERT INTO "schema_migrations" ("version") VALUES ($1) RETURNING "version"[0m  [["version", "20230327022417"]]
  ↳ bin/rails:4
  [1m[35m (0.1ms)[0m  [1m[35mCOMMIT[0m
  ↳ bin/rails:4
Migrating to CreateBooks (20230327022627)
  [1m[35m (0.2ms)[0m  [1m[35mBEGIN[0m
  ↳ bin/rails:4
  [1m[35m (2.1ms)[0m  [1m[35mCREATE TABLE "books" ("id" bigserial primary key, "title" text NOT NULL, "subtitle" text, "publisher" text NOT NULL, "publication_date" date NOT NULL, "is_in_print" boolean DEFAULT TRUE NOT NULL, "page_count" integer NOT NULL, "author_id" bigint, "created_at" timestamp NOT NULL, "updated_at" timestamp NOT NULL, CONSTRAINT "fk_rails_53d51ce16a"
FOREIGN KEY ("author_id")
  REFERENCES "authors" ("id")
)[0m
  ↳ db/migrate/20230327022627_create_books.rb:3
  [1m[35m (0.3ms)[0m  [1m[35mCREATE  INDEX  "index_books_on_author_id" ON "books"  ("author_id")[0m
  ↳ db/migrate/20230327022627_create_books.rb:3
  [1m[36mActiveRecord::SchemaMigration Create (0.2ms)[0m  [1m[32mINSERT INTO "schema_migrations" ("version") VALUES ($1) RETURNING "version"[0m  [["version", "20230327022627"]]
  ↳ bin/rails:4
  [1m[35m (0.2ms)[0m  [1m[35mCOMMIT[0m
  ↳ bin/rails:4
  [1m[36mActiveRecord::InternalMetadata Load (0.1ms)[0m  [1m[34mSELECT  "ar_internal_metadata".* FROM "ar_internal_metadata" WHERE "ar_internal_metadata"."key" = $1 LIMIT $2[0m  [["key", "environment"], ["LIMIT", 1]]
  ↳ bin/rails:4
  [1m[35m (0.0ms)[0m  [1m[35mBEGIN[0m
  ↳ bin/rails:4
  [1m[36mActiveRecord::InternalMetadata Create (0.1ms)[0m  [1m[32mINSERT INTO "ar_internal_metadata" ("key", "value", "created_at", "updated_at") VALUES ($1, $2, $3, $4) RETURNING "key"[0m  [["key", "environment"], ["value", "development"], ["created_at", "2023-03-27 02:55:13.903312"], ["updated_at", "2023-03-27 02:55:13.903312"]]
  ↳ bin/rails:4
  [1m[35m (0.1ms)[0m  [1m[35mCOMMIT[0m
  ↳ bin/rails:4
  [1m[35m (0.1ms)[0m  [1m[34mSELECT pg_advisory_unlock(6619517006900186970)[0m
  ↳ bin/rails:4
  [1m[35m (0.1ms)[0m  [1m[34mSELECT "schema_migrations"."version" FROM "schema_migrations" ORDER BY "schema_migrations"."version" ASC[0m
  ↳ bin/rails:4
  [1m[35m (0.4ms)[0m  [1m[34mSELECT "schema_migrations"."version" FROM "schema_migrations" ORDER BY "schema_migrations"."version" ASC[0m
  ↳ bin/rails:4
  [1m[35m (0.1ms)[0m  [1m[35mBEGIN[0m
  ↳ db/seeds.rb:14
  [1m[36mAuthor Create (1.3ms)[0m  [1m[32mINSERT INTO "authors" ("name", "birthdate", "citation_count", "created_at", "updated_at") VALUES ($1, $2, $3, $4, $5) RETURNING "id"[0m  [["name", "Gabor Mate"], ["birthdate", "1944-01-06"], ["citation_count", 120], ["created_at", "2023-03-27 02:55:23.272863"], ["updated_at", "2023-03-27 02:55:23.272863"]]
  ↳ db/seeds.rb:14
  [1m[35m (0.6ms)[0m  [1m[35mCOMMIT[0m
  ↳ db/seeds.rb:14
  [1m[35m (0.1ms)[0m  [1m[35mBEGIN[0m
  ↳ db/seeds.rb:15
  [1m[36mAuthor Create (0.3ms)[0m  [1m[32mINSERT INTO "authors" ("name", "birthdate", "citation_count", "created_at", "updated_at") VALUES ($1, $2, $3, $4, $5) RETURNING "id"[0m  [["name", "Malcom Gladwell"], ["birthdate", "1963-09-03"], ["citation_count", 1540], ["created_at", "2023-03-27 02:55:23.276656"], ["updated_at", "2023-03-27 02:55:23.276656"]]
  ↳ db/seeds.rb:15
  [1m[35m (0.2ms)[0m  [1m[35mCOMMIT[0m
  ↳ db/seeds.rb:15
  [1m[35m (0.1ms)[0m  [1m[35mBEGIN[0m
  ↳ db/seeds.rb:16
  [1m[36mAuthor Create (0.2ms)[0m  [1m[32mINSERT INTO "authors" ("name", "birthdate", "citation_count", "created_at", "updated_at") VALUES ($1, $2, $3, $4, $5) RETURNING "id"[0m  [["name", "Seth Godin"], ["birthdate", "1960-07-10"], ["citation_count", 425], ["created_at", "2023-03-27 02:55:23.277761"], ["updated_at", "2023-03-27 02:55:23.277761"]]
  ↳ db/seeds.rb:16
  [1m[35m (0.2ms)[0m  [1m[35mCOMMIT[0m
  ↳ db/seeds.rb:16
  [1m[35m (0.1ms)[0m  [1m[35mBEGIN[0m
  ↳ db/seeds.rb:17
  [1m[35m (0.1ms)[0m  [1m[31mROLLBACK[0m
  ↳ db/seeds.rb:17
  [1m[35m (0.5ms)[0m  [1m[34mSELECT "schema_migrations"."version" FROM "schema_migrations" ORDER BY "schema_migrations"."version" ASC[0m
  ↳ bin/rails:4
  [1m[35m (0.1ms)[0m  [1m[35mBEGIN[0m
  ↳ db/seeds.rb:14
  [1m[36mAuthor Create (0.6ms)[0m  [1m[32mINSERT INTO "authors" ("name", "birthdate", "citation_count", "created_at", "updated_at") VALUES ($1, $2, $3, $4, $5) RETURNING "id"[0m  [["name", "Gabor Mate"], ["birthdate", "1944-01-06"], ["citation_count", 120], ["created_at", "2023-03-27 02:55:41.414677"], ["updated_at", "2023-03-27 02:55:41.414677"]]
  ↳ db/seeds.rb:14
  [1m[35m (0.6ms)[0m  [1m[35mCOMMIT[0m
  ↳ db/seeds.rb:14
  [1m[35m (0.1ms)[0m  [1m[35mBEGIN[0m
  ↳ db/seeds.rb:15
  [1m[36mAuthor Create (0.2ms)[0m  [1m[32mINSERT INTO "authors" ("name", "birthdate", "citation_count", "created_at", "updated_at") VALUES ($1, $2, $3, $4, $5) RETURNING "id"[0m  [["name", "Malcom Gladwell"], ["birthdate", "1963-09-03"], ["citation_count", 1540], ["created_at", "2023-03-27 02:55:41.417878"], ["updated_at", "2023-03-27 02:55:41.417878"]]
  ↳ db/seeds.rb:15
  [1m[35m (0.2ms)[0m  [1m[35mCOMMIT[0m
  ↳ db/seeds.rb:15
  [1m[35m (0.1ms)[0m  [1m[35mBEGIN[0m
  ↳ db/seeds.rb:16
  [1m[36mAuthor Create (0.3ms)[0m  [1m[32mINSERT INTO "authors" ("name", "birthdate", "citation_count", "created_at", "updated_at") VALUES ($1, $2, $3, $4, $5) RETURNING "id"[0m  [["name", "Seth Godin"], ["birthdate", "1960-07-10"], ["citation_count", 425], ["created_at", "2023-03-27 02:55:41.418845"], ["updated_at", "2023-03-27 02:55:41.418845"]]
  ↳ db/seeds.rb:16
  [1m[35m (0.2ms)[0m  [1m[35mCOMMIT[0m
  ↳ db/seeds.rb:16
  [1m[35m (0.1ms)[0m  [1m[35mBEGIN[0m
  ↳ db/seeds.rb:17
  [1m[35m (0.1ms)[0m  [1m[31mROLLBACK[0m
  ↳ db/seeds.rb:17
  [1m[35m (0.9ms)[0m  [1m[34mSELECT "schema_migrations"."version" FROM "schema_migrations" ORDER BY "schema_migrations"."version" ASC[0m
  ↳ bin/rails:4
  [1m[35m (0.1ms)[0m  [1m[35mBEGIN[0m
  ↳ db/seeds.rb:14
  [1m[36mAuthor Create (0.7ms)[0m  [1m[32mINSERT INTO "authors" ("name", "birthdate", "citation_count", "created_at", "updated_at") VALUES ($1, $2, $3, $4, $5) RETURNING "id"[0m  [["name", "Gabor Mate"], ["birthdate", "1944-01-06"], ["citation_count", 120], ["created_at", "2023-03-27 02:57:43.589268"], ["updated_at", "2023-03-27 02:57:43.589268"]]
  ↳ db/seeds.rb:14
  [1m[35m (1.1ms)[0m  [1m[35mCOMMIT[0m
  ↳ db/seeds.rb:14
  [1m[35m (0.1ms)[0m  [1m[35mBEGIN[0m
  ↳ db/seeds.rb:15
  [1m[36mAuthor Create (0.3ms)[0m  [1m[32mINSERT INTO "authors" ("name", "birthdate", "citation_count", "created_at", "updated_at") VALUES ($1, $2, $3, $4, $5) RETURNING "id"[0m  [["name", "Malcom Gladwell"], ["birthdate", "1963-09-03"], ["citation_count", 1540], ["created_at", "2023-03-27 02:57:43.592883"], ["updated_at", "2023-03-27 02:57:43.592883"]]
  ↳ db/seeds.rb:15
  [1m[35m (0.2ms)[0m  [1m[35mCOMMIT[0m
  ↳ db/seeds.rb:15
  [1m[35m (0.1ms)[0m  [1m[35mBEGIN[0m
  ↳ db/seeds.rb:16
  [1m[36mAuthor Create (0.2ms)[0m  [1m[32mINSERT INTO "authors" ("name", "birthdate", "citation_count", "created_at", "updated_at") VALUES ($1, $2, $3, $4, $5) RETURNING "id"[0m  [["name", "Seth Godin"], ["birthdate", "1960-07-10"], ["citation_count", 425], ["created_at", "2023-03-27 02:57:43.593955"], ["updated_at", "2023-03-27 02:57:43.593955"]]
  ↳ db/seeds.rb:16
  [1m[35m (0.2ms)[0m  [1m[35mCOMMIT[0m
  ↳ db/seeds.rb:16
  [1m[35m (0.3ms)[0m  [1m[35mBEGIN[0m
  ↳ (pry):2
  [1m[35m (0.2ms)[0m  [1m[31mROLLBACK[0m
  ↳ (pry):2
  [1m[35m (0.9ms)[0m  [1m[34mSELECT "schema_migrations"."version" FROM "schema_migrations" ORDER BY "schema_migrations"."version" ASC[0m
  ↳ bin/rails:4
  [1m[35m (0.1ms)[0m  [1m[35mBEGIN[0m
  ↳ db/seeds.rb:14
  [1m[36mAuthor Create (0.8ms)[0m  [1m[32mINSERT INTO "authors" ("name", "birthdate", "citation_count", "created_at", "updated_at") VALUES ($1, $2, $3, $4, $5) RETURNING "id"[0m  [["name", "Gabor Mate"], ["birthdate", "1944-01-06"], ["citation_count", 120], ["created_at", "2023-03-27 03:02:00.563596"], ["updated_at", "2023-03-27 03:02:00.563596"]]
  ↳ db/seeds.rb:14
  [1m[35m (0.7ms)[0m  [1m[35mCOMMIT[0m
  ↳ db/seeds.rb:14
  [1m[35m (0.1ms)[0m  [1m[35mBEGIN[0m
  ↳ db/seeds.rb:15
  [1m[36mAuthor Create (0.3ms)[0m  [1m[32mINSERT INTO "authors" ("name", "birthdate", "citation_count", "created_at", "updated_at") VALUES ($1, $2, $3, $4, $5) RETURNING "id"[0m  [["name", "Malcom Gladwell"], ["birthdate", "1963-09-03"], ["citation_count", 1540], ["created_at", "2023-03-27 03:02:00.566373"], ["updated_at", "2023-03-27 03:02:00.566373"]]
  ↳ db/seeds.rb:15
  [1m[35m (0.2ms)[0m  [1m[35mCOMMIT[0m
  ↳ db/seeds.rb:15
  [1m[35m (0.1ms)[0m  [1m[35mBEGIN[0m
  ↳ db/seeds.rb:16
  [1m[36mAuthor Create (0.2ms)[0m  [1m[32mINSERT INTO "authors" ("name", "birthdate", "citation_count", "created_at", "updated_at") VALUES ($1, $2, $3, $4, $5) RETURNING "id"[0m  [["name", "Seth Godin"], ["birthdate", "1960-07-10"], ["citation_count", 425], ["created_at", "2023-03-27 03:02:00.567539"], ["updated_at", "2023-03-27 03:02:00.567539"]]
  ↳ db/seeds.rb:16
  [1m[35m (0.2ms)[0m  [1m[35mCOMMIT[0m
  ↳ db/seeds.rb:16
  [1m[35m (0.1ms)[0m  [1m[35mBEGIN[0m
  ↳ db/seeds.rb:17
  [1m[35m (0.1ms)[0m  [1m[31mROLLBACK[0m
  ↳ db/seeds.rb:17
  [1m[35m (0.9ms)[0m  [1m[34mSELECT "schema_migrations"."version" FROM "schema_migrations" ORDER BY "schema_migrations"."version" ASC[0m
  ↳ bin/rails:4
  [1m[35m (0.4ms)[0m  [1m[34mSELECT "ar_internal_metadata"."value" FROM "ar_internal_metadata" WHERE "ar_internal_metadata"."key" = $1[0m  [["key", "environment"]]
  ↳ bin/rails:4
  [1m[35m (0.2ms)[0m  [1m[34mSELECT "schema_migrations"."version" FROM "schema_migrations" ORDER BY "schema_migrations"."version" ASC[0m
  ↳ bin/rails:4
  [1m[35m (0.1ms)[0m  [1m[34mSELECT "ar_internal_metadata"."value" FROM "ar_internal_metadata" WHERE "ar_internal_metadata"."key" = $1[0m  [["key", "environment"]]
  ↳ bin/rails:4
  [1m[35m (0.2ms)[0m  [1m[34mSELECT "schema_migrations"."version" FROM "schema_migrations" ORDER BY "schema_migrations"."version" ASC[0m
  ↳ bin/rails:4
  [1m[35m (0.1ms)[0m  [1m[34mSELECT "ar_internal_metadata"."value" FROM "ar_internal_metadata" WHERE "ar_internal_metadata"."key" = $1[0m  [["key", "environment"]]
  ↳ bin/rails:4
  [1m[35m (46.6ms)[0m  [1m[35mDROP DATABASE IF EXISTS "relational_rails_development"[0m
  ↳ bin/rails:4
  [1m[35m (20.3ms)[0m  [1m[35mDROP DATABASE IF EXISTS "relational_rails_test"[0m
  ↳ bin/rails:4
  [1m[35m (101.4ms)[0m  [1m[35mCREATE DATABASE "relational_rails_development" ENCODING = 'unicode'[0m
  ↳ bin/rails:4
  [1m[35m (46.1ms)[0m  [1m[35mCREATE DATABASE "relational_rails_test" ENCODING = 'unicode'[0m
  ↳ bin/rails:4
  [1m[35m (2.1ms)[0m  [1m[35mCREATE TABLE "schema_migrations" ("version" character varying NOT NULL PRIMARY KEY)[0m
  ↳ bin/rails:4
  [1m[35m (1.0ms)[0m  [1m[35mCREATE TABLE "ar_internal_metadata" ("key" character varying NOT NULL PRIMARY KEY, "value" character varying, "created_at" timestamp NOT NULL, "updated_at" timestamp NOT NULL)[0m
  ↳ bin/rails:4
  [1m[35m (0.1ms)[0m  [1m[34mSELECT pg_try_advisory_lock(6619517006900186970)[0m
  ↳ bin/rails:4
  [1m[35m (0.2ms)[0m  [1m[34mSELECT "schema_migrations"."version" FROM "schema_migrations" ORDER BY "schema_migrations"."version" ASC[0m
  ↳ bin/rails:4
Migrating to CreateAuthors (20230327022417)
  [1m[35m (0.1ms)[0m  [1m[35mBEGIN[0m
  ↳ bin/rails:4
  [1m[35m (1.6ms)[0m  [1m[35mCREATE TABLE "authors" ("id" bigserial primary key, "name" text NOT NULL, "birthdate" date NOT NULL, "is_alive" boolean DEFAULT TRUE NOT NULL, "citation_count" integer NOT NULL, "created_at" timestamp NOT NULL, "updated_at" timestamp NOT NULL)[0m
  ↳ db/migrate/20230327022417_create_authors.rb:3
  [1m[36mActiveRecord::SchemaMigration Create (0.2ms)[0m  [1m[32mINSERT INTO "schema_migrations" ("version") VALUES ($1) RETURNING "version"[0m  [["version", "20230327022417"]]
  ↳ bin/rails:4
  [1m[35m (0.2ms)[0m  [1m[35mCOMMIT[0m
  ↳ bin/rails:4
Migrating to CreateBooks (20230327022627)
  [1m[35m (0.1ms)[0m  [1m[35mBEGIN[0m
  ↳ bin/rails:4
  [1m[35m (1.6ms)[0m  [1m[35mCREATE TABLE "books" ("id" bigserial primary key, "title" text NOT NULL, "subtitle" text, "publisher" text NOT NULL, "publication_date" date NOT NULL, "is_in_print" boolean DEFAULT TRUE NOT NULL, "page_count" integer NOT NULL, "author_id" bigint, "created_at" timestamp NOT NULL, "updated_at" timestamp NOT NULL, CONSTRAINT "fk_rails_53d51ce16a"
FOREIGN KEY ("author_id")
  REFERENCES "authors" ("id")
)[0m
  ↳ db/migrate/20230327022627_create_books.rb:3
  [1m[35m (0.3ms)[0m  [1m[35mCREATE  INDEX  "index_books_on_author_id" ON "books"  ("author_id")[0m
  ↳ db/migrate/20230327022627_create_books.rb:3
  [1m[36mActiveRecord::SchemaMigration Create (0.1ms)[0m  [1m[32mINSERT INTO "schema_migrations" ("version") VALUES ($1) RETURNING "version"[0m  [["version", "20230327022627"]]
  ↳ bin/rails:4
  [1m[35m (0.1ms)[0m  [1m[35mCOMMIT[0m
  ↳ bin/rails:4
  [1m[36mActiveRecord::InternalMetadata Load (0.1ms)[0m  [1m[34mSELECT  "ar_internal_metadata".* FROM "ar_internal_metadata" WHERE "ar_internal_metadata"."key" = $1 LIMIT $2[0m  [["key", "environment"], ["LIMIT", 1]]
  ↳ bin/rails:4
  [1m[35m (0.1ms)[0m  [1m[35mBEGIN[0m
  ↳ bin/rails:4
  [1m[36mActiveRecord::InternalMetadata Create (0.1ms)[0m  [1m[32mINSERT INTO "ar_internal_metadata" ("key", "value", "created_at", "updated_at") VALUES ($1, $2, $3, $4) RETURNING "key"[0m  [["key", "environment"], ["value", "development"], ["created_at", "2023-03-27 03:02:26.554809"], ["updated_at", "2023-03-27 03:02:26.554809"]]
  ↳ bin/rails:4
  [1m[35m (0.1ms)[0m  [1m[35mCOMMIT[0m
  ↳ bin/rails:4
  [1m[35m (0.1ms)[0m  [1m[34mSELECT pg_advisory_unlock(6619517006900186970)[0m
  ↳ bin/rails:4
  [1m[35m (0.1ms)[0m  [1m[34mSELECT "schema_migrations"."version" FROM "schema_migrations" ORDER BY "schema_migrations"."version" ASC[0m
  ↳ bin/rails:4
  [1m[35m (0.9ms)[0m  [1m[34mSELECT "schema_migrations"."version" FROM "schema_migrations" ORDER BY "schema_migrations"."version" ASC[0m
  ↳ bin/rails:4
  [1m[35m (0.1ms)[0m  [1m[35mBEGIN[0m
  ↳ db/seeds.rb:14
  [1m[36mAuthor Create (1.2ms)[0m  [1m[32mINSERT INTO "authors" ("name", "birthdate", "citation_count", "created_at", "updated_at") VALUES ($1, $2, $3, $4, $5) RETURNING "id"[0m  [["name", "Gabor Mate"], ["birthdate", "1944-01-06"], ["citation_count", 120], ["created_at", "2023-03-27 03:02:31.310170"], ["updated_at", "2023-03-27 03:02:31.310170"]]
  ↳ db/seeds.rb:14
  [1m[35m (0.5ms)[0m  [1m[35mCOMMIT[0m
  ↳ db/seeds.rb:14
  [1m[35m (0.1ms)[0m  [1m[35mBEGIN[0m
  ↳ db/seeds.rb:15
  [1m[36mAuthor Create (0.2ms)[0m  [1m[32mINSERT INTO "authors" ("name", "birthdate", "citation_count", "created_at", "updated_at") VALUES ($1, $2, $3, $4, $5) RETURNING "id"[0m  [["name", "Malcom Gladwell"], ["birthdate", "1963-09-03"], ["citation_count", 1540], ["created_at", "2023-03-27 03:02:31.313181"], ["updated_at", "2023-03-27 03:02:31.313181"]]
  ↳ db/seeds.rb:15
  [1m[35m (0.2ms)[0m  [1m[35mCOMMIT[0m
  ↳ db/seeds.rb:15
  [1m[35m (0.1ms)[0m  [1m[35mBEGIN[0m
  ↳ db/seeds.rb:16
  [1m[36mAuthor Create (0.2ms)[0m  [1m[32mINSERT INTO "authors" ("name", "birthdate", "citation_count", "created_at", "updated_at") VALUES ($1, $2, $3, $4, $5) RETURNING "id"[0m  [["name", "Seth Godin"], ["birthdate", "1960-07-10"], ["citation_count", 425], ["created_at", "2023-03-27 03:02:31.314330"], ["updated_at", "2023-03-27 03:02:31.314330"]]
  ↳ db/seeds.rb:16
  [1m[35m (0.2ms)[0m  [1m[35mCOMMIT[0m
  ↳ db/seeds.rb:16
  [1m[35m (0.1ms)[0m  [1m[35mBEGIN[0m
  ↳ db/seeds.rb:17
  [1m[35m (0.1ms)[0m  [1m[31mROLLBACK[0m
  ↳ db/seeds.rb:17
  [1m[35m (0.9ms)[0m  [1m[34mSELECT "schema_migrations"."version" FROM "schema_migrations" ORDER BY "schema_migrations"."version" ASC[0m
  ↳ bin/rails:4
  [1m[35m (0.4ms)[0m  [1m[34mSELECT "ar_internal_metadata"."value" FROM "ar_internal_metadata" WHERE "ar_internal_metadata"."key" = $1[0m  [["key", "environment"]]
  ↳ bin/rails:4
  [1m[35m (0.2ms)[0m  [1m[34mSELECT "schema_migrations"."version" FROM "schema_migrations" ORDER BY "schema_migrations"."version" ASC[0m
  ↳ bin/rails:4
  [1m[35m (0.1ms)[0m  [1m[34mSELECT "ar_internal_metadata"."value" FROM "ar_internal_metadata" WHERE "ar_internal_metadata"."key" = $1[0m  [["key", "environment"]]
  ↳ bin/rails:4
  [1m[35m (0.2ms)[0m  [1m[34mSELECT "schema_migrations"."version" FROM "schema_migrations" ORDER BY "schema_migrations"."version" ASC[0m
  ↳ bin/rails:4
  [1m[35m (0.2ms)[0m  [1m[34mSELECT "ar_internal_metadata"."value" FROM "ar_internal_metadata" WHERE "ar_internal_metadata"."key" = $1[0m  [["key", "environment"]]
  ↳ bin/rails:4
  [1m[35m (43.1ms)[0m  [1m[35mDROP DATABASE IF EXISTS "relational_rails_development"[0m
  ↳ bin/rails:4
  [1m[35m (51.4ms)[0m  [1m[35mDROP DATABASE IF EXISTS "relational_rails_test"[0m
  ↳ bin/rails:4
  [1m[35m (125.2ms)[0m  [1m[35mCREATE DATABASE "relational_rails_development" ENCODING = 'unicode'[0m
  ↳ bin/rails:4
  [1m[35m (52.3ms)[0m  [1m[35mCREATE DATABASE "relational_rails_test" ENCODING = 'unicode'[0m
  ↳ bin/rails:4
  [1m[35m (2.4ms)[0m  [1m[35mCREATE TABLE "schema_migrations" ("version" character varying NOT NULL PRIMARY KEY)[0m
  ↳ bin/rails:4
  [1m[35m (1.1ms)[0m  [1m[35mCREATE TABLE "ar_internal_metadata" ("key" character varying NOT NULL PRIMARY KEY, "value" character varying, "created_at" timestamp NOT NULL, "updated_at" timestamp NOT NULL)[0m
  ↳ bin/rails:4
  [1m[35m (0.1ms)[0m  [1m[34mSELECT pg_try_advisory_lock(6619517006900186970)[0m
  ↳ bin/rails:4
  [1m[35m (0.2ms)[0m  [1m[34mSELECT "schema_migrations"."version" FROM "schema_migrations" ORDER BY "schema_migrations"."version" ASC[0m
  ↳ bin/rails:4
Migrating to CreateAuthors (20230327022417)
  [1m[35m (0.0ms)[0m  [1m[35mBEGIN[0m
  ↳ bin/rails:4
  [1m[35m (1.5ms)[0m  [1m[35mCREATE TABLE "authors" ("id" bigserial primary key, "name" text NOT NULL, "birthdate" date NOT NULL, "is_alive" boolean DEFAULT TRUE NOT NULL, "citation_count" integer NOT NULL, "created_at" timestamp NOT NULL, "updated_at" timestamp NOT NULL)[0m
  ↳ db/migrate/20230327022417_create_authors.rb:3
  [1m[36mActiveRecord::SchemaMigration Create (0.1ms)[0m  [1m[32mINSERT INTO "schema_migrations" ("version") VALUES ($1) RETURNING "version"[0m  [["version", "20230327022417"]]
  ↳ bin/rails:4
  [1m[35m (0.1ms)[0m  [1m[35mCOMMIT[0m
  ↳ bin/rails:4
Migrating to CreateBooks (20230327022627)
  [1m[35m (0.1ms)[0m  [1m[35mBEGIN[0m
  ↳ bin/rails:4
  [1m[35m (2.3ms)[0m  [1m[35mCREATE TABLE "books" ("id" bigserial primary key, "title" text NOT NULL, "subtitle" text, "publisher" text NOT NULL, "publication_date" date NOT NULL, "is_in_print" boolean DEFAULT TRUE NOT NULL, "page_count" integer NOT NULL, "author_id" bigint, "created_at" timestamp NOT NULL, "updated_at" timestamp NOT NULL, CONSTRAINT "fk_rails_53d51ce16a"
FOREIGN KEY ("author_id")
  REFERENCES "authors" ("id")
)[0m
  ↳ db/migrate/20230327022627_create_books.rb:3
  [1m[35m (0.4ms)[0m  [1m[35mCREATE  INDEX  "index_books_on_author_id" ON "books"  ("author_id")[0m
  ↳ db/migrate/20230327022627_create_books.rb:3
  [1m[36mActiveRecord::SchemaMigration Create (0.2ms)[0m  [1m[32mINSERT INTO "schema_migrations" ("version") VALUES ($1) RETURNING "version"[0m  [["version", "20230327022627"]]
  ↳ bin/rails:4
  [1m[35m (0.2ms)[0m  [1m[35mCOMMIT[0m
  ↳ bin/rails:4
  [1m[36mActiveRecord::InternalMetadata Load (0.2ms)[0m  [1m[34mSELECT  "ar_internal_metadata".* FROM "ar_internal_metadata" WHERE "ar_internal_metadata"."key" = $1 LIMIT $2[0m  [["key", "environment"], ["LIMIT", 1]]
  ↳ bin/rails:4
  [1m[35m (0.1ms)[0m  [1m[35mBEGIN[0m
  ↳ bin/rails:4
  [1m[36mActiveRecord::InternalMetadata Create (0.2ms)[0m  [1m[32mINSERT INTO "ar_internal_metadata" ("key", "value", "created_at", "updated_at") VALUES ($1, $2, $3, $4) RETURNING "key"[0m  [["key", "environment"], ["value", "development"], ["created_at", "2023-03-27 03:05:53.346721"], ["updated_at", "2023-03-27 03:05:53.346721"]]
  ↳ bin/rails:4
  [1m[35m (0.1ms)[0m  [1m[35mCOMMIT[0m
  ↳ bin/rails:4
  [1m[35m (0.1ms)[0m  [1m[34mSELECT pg_advisory_unlock(6619517006900186970)[0m
  ↳ bin/rails:4
  [1m[35m (0.1ms)[0m  [1m[34mSELECT "schema_migrations"."version" FROM "schema_migrations" ORDER BY "schema_migrations"."version" ASC[0m
  ↳ bin/rails:4
  [1m[35m (0.9ms)[0m  [1m[34mSELECT "schema_migrations"."version" FROM "schema_migrations" ORDER BY "schema_migrations"."version" ASC[0m
  ↳ bin/rails:4
  [1m[35m (0.1ms)[0m  [1m[35mBEGIN[0m
  ↳ db/seeds.rb:14
  [1m[36mAuthor Create (1.0ms)[0m  [1m[32mINSERT INTO "authors" ("name", "birthdate", "citation_count", "created_at", "updated_at") VALUES ($1, $2, $3, $4, $5) RETURNING "id"[0m  [["name", "Gabor Mate"], ["birthdate", "1944-01-06"], ["citation_count", 120], ["created_at", "2023-03-27 03:05:57.501856"], ["updated_at", "2023-03-27 03:05:57.501856"]]
  ↳ db/seeds.rb:14
  [1m[35m (0.4ms)[0m  [1m[35mCOMMIT[0m
  ↳ db/seeds.rb:14
  [1m[35m (0.1ms)[0m  [1m[35mBEGIN[0m
  ↳ db/seeds.rb:15
  [1m[36mAuthor Create (0.2ms)[0m  [1m[32mINSERT INTO "authors" ("name", "birthdate", "citation_count", "created_at", "updated_at") VALUES ($1, $2, $3, $4, $5) RETURNING "id"[0m  [["name", "Malcom Gladwell"], ["birthdate", "1963-09-03"], ["citation_count", 1540], ["created_at", "2023-03-27 03:05:57.505196"], ["updated_at", "2023-03-27 03:05:57.505196"]]
  ↳ db/seeds.rb:15
  [1m[35m (0.2ms)[0m  [1m[35mCOMMIT[0m
  ↳ db/seeds.rb:15
  [1m[35m (0.1ms)[0m  [1m[35mBEGIN[0m
  ↳ db/seeds.rb:16
  [1m[36mAuthor Create (0.2ms)[0m  [1m[32mINSERT INTO "authors" ("name", "birthdate", "citation_count", "created_at", "updated_at") VALUES ($1, $2, $3, $4, $5) RETURNING "id"[0m  [["name", "Seth Godin"], ["birthdate", "1960-07-10"], ["citation_count", 425], ["created_at", "2023-03-27 03:05:57.506199"], ["updated_at", "2023-03-27 03:05:57.506199"]]
  ↳ db/seeds.rb:16
  [1m[35m (0.2ms)[0m  [1m[35mCOMMIT[0m
  ↳ db/seeds.rb:16
  [1m[35m (0.1ms)[0m  [1m[35mBEGIN[0m
  ↳ db/seeds.rb:17
  [1m[36mAuthor Create (0.2ms)[0m  [1m[32mINSERT INTO "authors" ("name", "birthdate", "is_alive", "citation_count", "created_at", "updated_at") VALUES ($1, $2, $3, $4, $5, $6) RETURNING "id"[0m  [["name", "J.R.R. Tolkien"], ["birthdate", "1892-01-03"], ["is_alive", false], ["citation_count", 3329], ["created_at", "2023-03-27 03:05:57.507151"], ["updated_at", "2023-03-27 03:05:57.507151"]]
  ↳ db/seeds.rb:17
  [1m[35m (0.2ms)[0m  [1m[35mCOMMIT[0m
  ↳ db/seeds.rb:17
  [1m[35m (0.9ms)[0m  [1m[34mSELECT "schema_migrations"."version" FROM "schema_migrations" ORDER BY "schema_migrations"."version" ASC[0m
  ↳ bin/rails:4
  [1m[35m (0.5ms)[0m  [1m[34mSELECT "ar_internal_metadata"."value" FROM "ar_internal_metadata" WHERE "ar_internal_metadata"."key" = $1[0m  [["key", "environment"]]
  ↳ bin/rails:4
  [1m[35m (0.2ms)[0m  [1m[34mSELECT "schema_migrations"."version" FROM "schema_migrations" ORDER BY "schema_migrations"."version" ASC[0m
  ↳ bin/rails:4
  [1m[35m (0.1ms)[0m  [1m[34mSELECT "ar_internal_metadata"."value" FROM "ar_internal_metadata" WHERE "ar_internal_metadata"."key" = $1[0m  [["key", "environment"]]
  ↳ bin/rails:4
  [1m[35m (0.2ms)[0m  [1m[34mSELECT "schema_migrations"."version" FROM "schema_migrations" ORDER BY "schema_migrations"."version" ASC[0m
  ↳ bin/rails:4
  [1m[35m (0.2ms)[0m  [1m[34mSELECT "ar_internal_metadata"."value" FROM "ar_internal_metadata" WHERE "ar_internal_metadata"."key" = $1[0m  [["key", "environment"]]
  ↳ bin/rails:4
  [1m[35m (36.5ms)[0m  [1m[35mDROP DATABASE IF EXISTS "relational_rails_development"[0m
  ↳ bin/rails:4
  [1m[35m (13.4ms)[0m  [1m[35mDROP DATABASE IF EXISTS "relational_rails_test"[0m
  ↳ bin/rails:4
  [1m[35m (41.1ms)[0m  [1m[35mCREATE DATABASE "relational_rails_development" ENCODING = 'unicode'[0m
  ↳ bin/rails:4
  [1m[35m (36.8ms)[0m  [1m[35mCREATE DATABASE "relational_rails_test" ENCODING = 'unicode'[0m
  ↳ bin/rails:4
  [1m[35m (1.7ms)[0m  [1m[35mCREATE TABLE "schema_migrations" ("version" character varying NOT NULL PRIMARY KEY)[0m
  ↳ bin/rails:4
  [1m[35m (0.9ms)[0m  [1m[35mCREATE TABLE "ar_internal_metadata" ("key" character varying NOT NULL PRIMARY KEY, "value" character varying, "created_at" timestamp NOT NULL, "updated_at" timestamp NOT NULL)[0m
  ↳ bin/rails:4
  [1m[35m (0.1ms)[0m  [1m[34mSELECT pg_try_advisory_lock(6619517006900186970)[0m
  ↳ bin/rails:4
  [1m[35m (0.1ms)[0m  [1m[34mSELECT "schema_migrations"."version" FROM "schema_migrations" ORDER BY "schema_migrations"."version" ASC[0m
  ↳ bin/rails:4
Migrating to CreateAuthors (20230327022417)
  [1m[35m (0.0ms)[0m  [1m[35mBEGIN[0m
  ↳ bin/rails:4
  [1m[35m (1.4ms)[0m  [1m[35mCREATE TABLE "authors" ("id" bigserial primary key, "name" text NOT NULL, "birthdate" date NOT NULL, "is_alive" boolean DEFAULT TRUE NOT NULL, "citation_count" integer NOT NULL, "created_at" timestamp NOT NULL, "updated_at" timestamp NOT NULL)[0m
  ↳ db/migrate/20230327022417_create_authors.rb:3
  [1m[36mActiveRecord::SchemaMigration Create (0.2ms)[0m  [1m[32mINSERT INTO "schema_migrations" ("version") VALUES ($1) RETURNING "version"[0m  [["version", "20230327022417"]]
  ↳ bin/rails:4
  [1m[35m (0.1ms)[0m  [1m[35mCOMMIT[0m
  ↳ bin/rails:4
Migrating to CreateBooks (20230327022627)
  [1m[35m (0.1ms)[0m  [1m[35mBEGIN[0m
  ↳ bin/rails:4
  [1m[35m (1.4ms)[0m  [1m[35mCREATE TABLE "books" ("id" bigserial primary key, "title" text NOT NULL, "subtitle" text, "publisher" text NOT NULL, "publication_date" date NOT NULL, "is_in_print" boolean DEFAULT TRUE NOT NULL, "page_count" integer NOT NULL, "author_id" bigint, "created_at" timestamp NOT NULL, "updated_at" timestamp NOT NULL, CONSTRAINT "fk_rails_53d51ce16a"
FOREIGN KEY ("author_id")
  REFERENCES "authors" ("id")
)[0m
  ↳ db/migrate/20230327022627_create_books.rb:3
  [1m[35m (0.2ms)[0m  [1m[35mCREATE  INDEX  "index_books_on_author_id" ON "books"  ("author_id")[0m
  ↳ db/migrate/20230327022627_create_books.rb:3
  [1m[36mActiveRecord::SchemaMigration Create (0.1ms)[0m  [1m[32mINSERT INTO "schema_migrations" ("version") VALUES ($1) RETURNING "version"[0m  [["version", "20230327022627"]]
  ↳ bin/rails:4
  [1m[35m (0.2ms)[0m  [1m[35mCOMMIT[0m
  ↳ bin/rails:4
  [1m[36mActiveRecord::InternalMetadata Load (0.1ms)[0m  [1m[34mSELECT  "ar_internal_metadata".* FROM "ar_internal_metadata" WHERE "ar_internal_metadata"."key" = $1 LIMIT $2[0m  [["key", "environment"], ["LIMIT", 1]]
  ↳ bin/rails:4
  [1m[35m (0.0ms)[0m  [1m[35mBEGIN[0m
  ↳ bin/rails:4
  [1m[36mActiveRecord::InternalMetadata Create (0.1ms)[0m  [1m[32mINSERT INTO "ar_internal_metadata" ("key", "value", "created_at", "updated_at") VALUES ($1, $2, $3, $4) RETURNING "key"[0m  [["key", "environment"], ["value", "development"], ["created_at", "2023-03-27 03:06:48.380238"], ["updated_at", "2023-03-27 03:06:48.380238"]]
  ↳ bin/rails:4
  [1m[35m (0.1ms)[0m  [1m[35mCOMMIT[0m
  ↳ bin/rails:4
  [1m[35m (0.1ms)[0m  [1m[34mSELECT pg_advisory_unlock(6619517006900186970)[0m
  ↳ bin/rails:4
  [1m[35m (0.1ms)[0m  [1m[34mSELECT "schema_migrations"."version" FROM "schema_migrations" ORDER BY "schema_migrations"."version" ASC[0m
  ↳ bin/rails:4
  [1m[35m (0.5ms)[0m  [1m[34mSELECT "schema_migrations"."version" FROM "schema_migrations" ORDER BY "schema_migrations"."version" ASC[0m
  ↳ bin/rails:4
  [1m[35m (0.1ms)[0m  [1m[35mBEGIN[0m
  ↳ db/seeds.rb:14
  [1m[36mAuthor Create (1.0ms)[0m  [1m[32mINSERT INTO "authors" ("name", "birthdate", "citation_count", "created_at", "updated_at") VALUES ($1, $2, $3, $4, $5) RETURNING "id"[0m  [["name", "Gabor Mate"], ["birthdate", "1944-01-06"], ["citation_count", 120], ["created_at", "2023-03-27 03:06:51.276094"], ["updated_at", "2023-03-27 03:06:51.276094"]]
  ↳ db/seeds.rb:14
  [1m[35m (0.5ms)[0m  [1m[35mCOMMIT[0m
  ↳ db/seeds.rb:14
  [1m[35m (0.1ms)[0m  [1m[35mBEGIN[0m
  ↳ db/seeds.rb:15
  [1m[36mAuthor Create (0.2ms)[0m  [1m[32mINSERT INTO "authors" ("name", "birthdate", "citation_count", "created_at", "updated_at") VALUES ($1, $2, $3, $4, $5) RETURNING "id"[0m  [["name", "Malcom Gladwell"], ["birthdate", "1963-09-03"], ["citation_count", 1540], ["created_at", "2023-03-27 03:06:51.278926"], ["updated_at", "2023-03-27 03:06:51.278926"]]
  ↳ db/seeds.rb:15
  [1m[35m (0.2ms)[0m  [1m[35mCOMMIT[0m
  ↳ db/seeds.rb:15
  [1m[35m (0.1ms)[0m  [1m[35mBEGIN[0m
  ↳ db/seeds.rb:16
  [1m[36mAuthor Create (0.2ms)[0m  [1m[32mINSERT INTO "authors" ("name", "birthdate", "citation_count", "created_at", "updated_at") VALUES ($1, $2, $3, $4, $5) RETURNING "id"[0m  [["name", "Seth Godin"], ["birthdate", "1960-07-10"], ["citation_count", 425], ["created_at", "2023-03-27 03:06:51.280068"], ["updated_at", "2023-03-27 03:06:51.280068"]]
  ↳ db/seeds.rb:16
  [1m[35m (0.2ms)[0m  [1m[35mCOMMIT[0m
  ↳ db/seeds.rb:16
  [1m[35m (0.1ms)[0m  [1m[35mBEGIN[0m
  ↳ db/seeds.rb:17
  [1m[36mAuthor Create (0.2ms)[0m  [1m[32mINSERT INTO "authors" ("name", "birthdate", "is_alive", "citation_count", "created_at", "updated_at") VALUES ($1, $2, $3, $4, $5, $6) RETURNING "id"[0m  [["name", "J.R.R. Tolkien"], ["birthdate", "1892-01-03"], ["is_alive", false], ["citation_count", 3329], ["created_at", "2023-03-27 03:06:51.281132"], ["updated_at", "2023-03-27 03:06:51.281132"]]
  ↳ db/seeds.rb:17
  [1m[35m (0.2ms)[0m  [1m[35mCOMMIT[0m
  ↳ db/seeds.rb:17
  [1m[35m (0.1ms)[0m  [1m[35mBEGIN[0m
  ↳ db/seeds.rb:19
  [1m[36mBook Create (2.1ms)[0m  [1m[32mINSERT INTO "books" ("title", "subtitle", "publisher", "publication_date", "page_count", "author_id", "created_at", "updated_at") VALUES ($1, $2, $3, $4, $5, $6, $7, $8) RETURNING "id"[0m  [["title", "Scattered Minds"], ["subtitle", "How Attention Deficit Disorder Originates and What You Can Do About It"], ["publisher", "Penguin"], ["publication_date", "2000-05-30"], ["page_count", 368], ["author_id", 1], ["created_at", "2023-03-27 03:06:51.301866"], ["updated_at", "2023-03-27 03:06:51.301866"]]
  ↳ db/seeds.rb:19
  [1m[35m (0.2ms)[0m  [1m[35mCOMMIT[0m
  ↳ db/seeds.rb:19
  [1m[35m (0.1ms)[0m  [1m[35mBEGIN[0m
  ↳ db/seeds.rb:20
  [1m[36mBook Create (0.3ms)[0m  [1m[32mINSERT INTO "books" ("title", "subtitle", "publisher", "publication_date", "page_count", "author_id", "created_at", "updated_at") VALUES ($1, $2, $3, $4, $5, $6, $7, $8) RETURNING "id"[0m  [["title", "When the Body Says No"], ["subtitle", "Exploring the Stress-Disease Connection"], ["publisher", "Turner Publishing Company"], ["publication_date", "2004-02-03"], ["page_count", 320], ["author_id", 1], ["created_at", "2023-03-27 03:06:51.305021"], ["updated_at", "2023-03-27 03:06:51.305021"]]
  ↳ db/seeds.rb:20
  [1m[35m (0.2ms)[0m  [1m[35mCOMMIT[0m
  ↳ db/seeds.rb:20
  [1m[35m (0.1ms)[0m  [1m[35mBEGIN[0m
  ↳ db/seeds.rb:21
  [1m[36mBook Create (0.4ms)[0m  [1m[32mINSERT INTO "books" ("title", "subtitle", "publisher", "publication_date", "page_count", "author_id", "created_at", "updated_at") VALUES ($1, $2, $3, $4, $5, $6, $7, $8) RETURNING "id"[0m  [["title", "Hold on to Your Kids"], ["subtitle", "Why Parents Need to Matter More Than Peers"], ["publisher", "Ballantine Books"], ["publication_date", "2006-08-15"], ["page_count", 352], ["author_id", 1], ["created_at", "2023-03-27 03:06:51.306272"], ["updated_at", "2023-03-27 03:06:51.306272"]]
  ↳ db/seeds.rb:21
  [1m[35m (0.2ms)[0m  [1m[35mCOMMIT[0m
  ↳ db/seeds.rb:21
  [1m[35m (0.1ms)[0m  [1m[35mBEGIN[0m
  ↳ db/seeds.rb:22
  [1m[36mBook Create (0.3ms)[0m  [1m[32mINSERT INTO "books" ("title", "subtitle", "publisher", "publication_date", "page_count", "author_id", "created_at", "updated_at") VALUES ($1, $2, $3, $4, $5, $6, $7, $8) RETURNING "id"[0m  [["title", "In the Realm of Hungry Ghosts"], ["subtitle", "Close Encounters with Addiction"], ["publisher", "North Atlantic Books"], ["publication_date", "2010-01-05"], ["page_count", 480], ["author_id", 1], ["created_at", "2023-03-27 03:06:51.307496"], ["updated_at", "2023-03-27 03:06:51.307496"]]
  ↳ db/seeds.rb:22
  [1m[35m (0.2ms)[0m  [1m[35mCOMMIT[0m
  ↳ db/seeds.rb:22
  [1m[35m (0.1ms)[0m  [1m[35mBEGIN[0m
  ↳ db/seeds.rb:23
  [1m[36mBook Create (0.3ms)[0m  [1m[32mINSERT INTO "books" ("title", "subtitle", "publisher", "publication_date", "page_count", "author_id", "created_at", "updated_at") VALUES ($1, $2, $3, $4, $5, $6, $7, $8) RETURNING "id"[0m  [["title", "The Myth of Normal"], ["subtitle", "Trauma, Illness and Healing in a Toxic Culture"], ["publisher", "Avery"], ["publication_date", "2022-09-13"], ["page_count", 576], ["author_id", 1], ["created_at", "2023-03-27 03:06:51.308665"], ["updated_at", "2023-03-27 03:06:51.308665"]]
  ↳ db/seeds.rb:23
  [1m[35m (0.2ms)[0m  [1m[35mCOMMIT[0m
  ↳ db/seeds.rb:23
  [1m[35m (0.1ms)[0m  [1m[35mBEGIN[0m
  ↳ db/seeds.rb:25
  [1m[36mBook Create (0.3ms)[0m  [1m[32mINSERT INTO "books" ("title", "subtitle", "publisher", "publication_date", "page_count", "author_id", "created_at", "updated_at") VALUES ($1, $2, $3, $4, $5, $6, $7, $8) RETURNING "id"[0m  [["title", "The Tipping Point"], ["subtitle", "How Little Things Can Make a Big Difference"], ["publisher", "Little Brown"], ["publication_date", "2000-03-01"], ["page_count", 304], ["author_id", 2], ["created_at", "2023-03-27 03:06:51.309887"], ["updated_at", "2023-03-27 03:06:51.309887"]]
  ↳ db/seeds.rb:25
  [1m[35m (0.2ms)[0m  [1m[35mCOMMIT[0m
  ↳ db/seeds.rb:25
  [1m[35m (0.1ms)[0m  [1m[35mBEGIN[0m
  ↳ db/seeds.rb:26
  [1m[36mBook Create (0.3ms)[0m  [1m[32mINSERT INTO "books" ("title", "subtitle", "publisher", "publication_date", "page_count", "author_id", "created_at", "updated_at") VALUES ($1, $2, $3, $4, $5, $6, $7, $8) RETURNING "id"[0m  [["title", "Blink"], ["subtitle", "The Power of Thinking Without Thinking"], ["publisher", "Little Brown"], ["publication_date", "2005-01-11"], ["page_count", 320], ["author_id", 2], ["created_at", "2023-03-27 03:06:51.311085"], ["updated_at", "2023-03-27 03:06:51.311085"]]
  ↳ db/seeds.rb:26
  [1m[35m (0.2ms)[0m  [1m[35mCOMMIT[0m
  ↳ db/seeds.rb:26
  [1m[35m (0.1ms)[0m  [1m[35mBEGIN[0m
  ↳ db/seeds.rb:27
  [1m[36mBook Create (0.2ms)[0m  [1m[32mINSERT INTO "books" ("title", "subtitle", "publisher", "publication_date", "page_count", "author_id", "created_at", "updated_at") VALUES ($1, $2, $3, $4, $5, $6, $7, $8) RETURNING "id"[0m  [["title", "Outliers"], ["subtitle", "The Story of Success"], ["publisher", "Little Brown"], ["publication_date", "2008-11-18"], ["page_count", 304], ["author_id", 2], ["created_at", "2023-03-27 03:06:51.312176"], ["updated_at", "2023-03-27 03:06:51.312176"]]
  ↳ db/seeds.rb:27
  [1m[35m (0.2ms)[0m  [1m[35mCOMMIT[0m
  ↳ db/seeds.rb:27
  [1m[35m (0.1ms)[0m  [1m[35mBEGIN[0m
  ↳ db/seeds.rb:28
  [1m[36mBook Create (0.3ms)[0m  [1m[32mINSERT INTO "books" ("title", "subtitle", "publisher", "publication_date", "page_count", "author_id", "created_at", "updated_at") VALUES ($1, $2, $3, $4, $5, $6, $7, $8) RETURNING "id"[0m  [["title", "What the Dog Saw"], ["subtitle", "And Other Adventures"], ["publisher", "Little Brown"], ["publication_date", "2009-10-20"], ["page_count", 432], ["author_id", 2], ["created_at", "2023-03-27 03:06:51.313265"], ["updated_at", "2023-03-27 03:06:51.313265"]]
  ↳ db/seeds.rb:28
  [1m[35m (0.2ms)[0m  [1m[35mCOMMIT[0m
  ↳ db/seeds.rb:28
  [1m[35m (0.1ms)[0m  [1m[35mBEGIN[0m
  ↳ db/seeds.rb:29
  [1m[36mBook Create (0.3ms)[0m  [1m[32mINSERT INTO "books" ("title", "subtitle", "publisher", "publication_date", "page_count", "author_id", "created_at", "updated_at") VALUES ($1, $2, $3, $4, $5, $6, $7, $8) RETURNING "id"[0m  [["title", "David and Goliath"], ["subtitle", "Underdogs, Misfits, and the Art of Battling Giants"], ["publisher", "Little Brown"], ["publication_date", "2013-10-01"], ["page_count", 320], ["author_id", 2], ["created_at", "2023-03-27 03:06:51.314447"], ["updated_at", "2023-03-27 03:06:51.314447"]]
  ↳ db/seeds.rb:29
  [1m[35m (0.2ms)[0m  [1m[35mCOMMIT[0m
  ↳ db/seeds.rb:29
  [1m[35m (0.1ms)[0m  [1m[35mBEGIN[0m
  ↳ db/seeds.rb:30
  [1m[36mBook Create (0.2ms)[0m  [1m[32mINSERT INTO "books" ("title", "subtitle", "publisher", "publication_date", "page_count", "author_id", "created_at", "updated_at") VALUES ($1, $2, $3, $4, $5, $6, $7, $8) RETURNING "id"[0m  [["title", "Talking to Strangers"], ["subtitle", "What We Should Know about the People We Don't Know"], ["publisher", "Little Brown"], ["publication_date", "2019-09-10"], ["page_count", 400], ["author_id", 2], ["created_at", "2023-03-27 03:06:51.315593"], ["updated_at", "2023-03-27 03:06:51.315593"]]
  ↳ db/seeds.rb:30
  [1m[35m (0.2ms)[0m  [1m[35mCOMMIT[0m
  ↳ db/seeds.rb:30
  [1m[35m (0.1ms)[0m  [1m[35mBEGIN[0m
  ↳ db/seeds.rb:31
  [1m[36mBook Create (0.2ms)[0m  [1m[32mINSERT INTO "books" ("title", "subtitle", "publisher", "publication_date", "page_count", "author_id", "created_at", "updated_at") VALUES ($1, $2, $3, $4, $5, $6, $7, $8) RETURNING "id"[0m  [["title", "The Bomber Mafia"], ["subtitle", "A Dream, a Temptation, and the Longest Night of the Second World War"], ["publisher", "Little Brown"], ["publication_date", "2021-04-27"], ["page_count", 256], ["author_id", 2], ["created_at", "2023-03-27 03:06:51.316764"], ["updated_at", "2023-03-27 03:06:51.316764"]]
  ↳ db/seeds.rb:31
  [1m[35m (0.2ms)[0m  [1m[35mCOMMIT[0m
  ↳ db/seeds.rb:31
  [1m[35m (0.1ms)[0m  [1m[35mBEGIN[0m
  ↳ db/seeds.rb:33
  [1m[35m (0.1ms)[0m  [1m[31mROLLBACK[0m
  ↳ db/seeds.rb:33
  [1m[35m (0.8ms)[0m  [1m[34mSELECT "schema_migrations"."version" FROM "schema_migrations" ORDER BY "schema_migrations"."version" ASC[0m
  ↳ bin/rails:4
  [1m[35m (0.4ms)[0m  [1m[34mSELECT "ar_internal_metadata"."value" FROM "ar_internal_metadata" WHERE "ar_internal_metadata"."key" = $1[0m  [["key", "environment"]]
  ↳ bin/rails:4
  [1m[35m (0.2ms)[0m  [1m[34mSELECT "schema_migrations"."version" FROM "schema_migrations" ORDER BY "schema_migrations"."version" ASC[0m
  ↳ bin/rails:4
  [1m[35m (0.1ms)[0m  [1m[34mSELECT "ar_internal_metadata"."value" FROM "ar_internal_metadata" WHERE "ar_internal_metadata"."key" = $1[0m  [["key", "environment"]]
  ↳ bin/rails:4
  [1m[35m (0.2ms)[0m  [1m[34mSELECT "schema_migrations"."version" FROM "schema_migrations" ORDER BY "schema_migrations"."version" ASC[0m
  ↳ bin/rails:4
  [1m[35m (0.2ms)[0m  [1m[34mSELECT "ar_internal_metadata"."value" FROM "ar_internal_metadata" WHERE "ar_internal_metadata"."key" = $1[0m  [["key", "environment"]]
  ↳ bin/rails:4
  [1m[35m (37.6ms)[0m  [1m[35mDROP DATABASE IF EXISTS "relational_rails_development"[0m
  ↳ bin/rails:4
  [1m[35m (14.0ms)[0m  [1m[35mDROP DATABASE IF EXISTS "relational_rails_test"[0m
  ↳ bin/rails:4
  [1m[35m (100.0ms)[0m  [1m[35mCREATE DATABASE "relational_rails_development" ENCODING = 'unicode'[0m
  ↳ bin/rails:4
  [1m[35m (52.0ms)[0m  [1m[35mCREATE DATABASE "relational_rails_test" ENCODING = 'unicode'[0m
  ↳ bin/rails:4
  [1m[35m (2.3ms)[0m  [1m[35mCREATE TABLE "schema_migrations" ("version" character varying NOT NULL PRIMARY KEY)[0m
  ↳ bin/rails:4
  [1m[35m (0.9ms)[0m  [1m[35mCREATE TABLE "ar_internal_metadata" ("key" character varying NOT NULL PRIMARY KEY, "value" character varying, "created_at" timestamp NOT NULL, "updated_at" timestamp NOT NULL)[0m
  ↳ bin/rails:4
  [1m[35m (0.1ms)[0m  [1m[34mSELECT pg_try_advisory_lock(6619517006900186970)[0m
  ↳ bin/rails:4
  [1m[35m (0.2ms)[0m  [1m[34mSELECT "schema_migrations"."version" FROM "schema_migrations" ORDER BY "schema_migrations"."version" ASC[0m
  ↳ bin/rails:4
Migrating to CreateAuthors (20230327022417)
  [1m[35m (0.0ms)[0m  [1m[35mBEGIN[0m
  ↳ bin/rails:4
  [1m[35m (1.4ms)[0m  [1m[35mCREATE TABLE "authors" ("id" bigserial primary key, "name" text NOT NULL, "birthdate" date NOT NULL, "is_alive" boolean DEFAULT TRUE NOT NULL, "citation_count" integer NOT NULL, "created_at" timestamp NOT NULL, "updated_at" timestamp NOT NULL)[0m
  ↳ db/migrate/20230327022417_create_authors.rb:3
  [1m[36mActiveRecord::SchemaMigration Create (0.1ms)[0m  [1m[32mINSERT INTO "schema_migrations" ("version") VALUES ($1) RETURNING "version"[0m  [["version", "20230327022417"]]
  ↳ bin/rails:4
  [1m[35m (0.3ms)[0m  [1m[35mCOMMIT[0m
  ↳ bin/rails:4
Migrating to CreateBooks (20230327022627)
  [1m[35m (0.1ms)[0m  [1m[35mBEGIN[0m
  ↳ bin/rails:4
  [1m[35m (1.5ms)[0m  [1m[35mCREATE TABLE "books" ("id" bigserial primary key, "title" text NOT NULL, "subtitle" text, "publisher" text NOT NULL, "publication_date" date NOT NULL, "is_in_print" boolean DEFAULT TRUE NOT NULL, "page_count" integer NOT NULL, "author_id" bigint, "created_at" timestamp NOT NULL, "updated_at" timestamp NOT NULL, CONSTRAINT "fk_rails_53d51ce16a"
FOREIGN KEY ("author_id")
  REFERENCES "authors" ("id")
)[0m
  ↳ db/migrate/20230327022627_create_books.rb:3
  [1m[35m (0.3ms)[0m  [1m[35mCREATE  INDEX  "index_books_on_author_id" ON "books"  ("author_id")[0m
  ↳ db/migrate/20230327022627_create_books.rb:3
  [1m[36mActiveRecord::SchemaMigration Create (0.2ms)[0m  [1m[32mINSERT INTO "schema_migrations" ("version") VALUES ($1) RETURNING "version"[0m  [["version", "20230327022627"]]
  ↳ bin/rails:4
  [1m[35m (0.2ms)[0m  [1m[35mCOMMIT[0m
  ↳ bin/rails:4
  [1m[36mActiveRecord::InternalMetadata Load (0.2ms)[0m  [1m[34mSELECT  "ar_internal_metadata".* FROM "ar_internal_metadata" WHERE "ar_internal_metadata"."key" = $1 LIMIT $2[0m  [["key", "environment"], ["LIMIT", 1]]
  ↳ bin/rails:4
  [1m[35m (0.0ms)[0m  [1m[35mBEGIN[0m
  ↳ bin/rails:4
  [1m[36mActiveRecord::InternalMetadata Create (0.2ms)[0m  [1m[32mINSERT INTO "ar_internal_metadata" ("key", "value", "created_at", "updated_at") VALUES ($1, $2, $3, $4) RETURNING "key"[0m  [["key", "environment"], ["value", "development"], ["created_at", "2023-03-27 03:07:27.759101"], ["updated_at", "2023-03-27 03:07:27.759101"]]
  ↳ bin/rails:4
  [1m[35m (0.1ms)[0m  [1m[35mCOMMIT[0m
  ↳ bin/rails:4
  [1m[35m (0.1ms)[0m  [1m[34mSELECT pg_advisory_unlock(6619517006900186970)[0m
  ↳ bin/rails:4
  [1m[35m (0.1ms)[0m  [1m[34mSELECT "schema_migrations"."version" FROM "schema_migrations" ORDER BY "schema_migrations"."version" ASC[0m
  ↳ bin/rails:4
  [1m[35m (0.9ms)[0m  [1m[34mSELECT "schema_migrations"."version" FROM "schema_migrations" ORDER BY "schema_migrations"."version" ASC[0m
  ↳ bin/rails:4
  [1m[35m (0.1ms)[0m  [1m[35mBEGIN[0m
  ↳ db/seeds.rb:14
  [1m[36mAuthor Create (1.1ms)[0m  [1m[32mINSERT INTO "authors" ("name", "birthdate", "citation_count", "created_at", "updated_at") VALUES ($1, $2, $3, $4, $5) RETURNING "id"[0m  [["name", "Gabor Mate"], ["birthdate", "1944-01-06"], ["citation_count", 120], ["created_at", "2023-03-27 03:07:30.098899"], ["updated_at", "2023-03-27 03:07:30.098899"]]
  ↳ db/seeds.rb:14
  [1m[35m (0.5ms)[0m  [1m[35mCOMMIT[0m
  ↳ db/seeds.rb:14
  [1m[35m (0.2ms)[0m  [1m[35mBEGIN[0m
  ↳ db/seeds.rb:15
  [1m[36mAuthor Create (0.3ms)[0m  [1m[32mINSERT INTO "authors" ("name", "birthdate", "citation_count", "created_at", "updated_at") VALUES ($1, $2, $3, $4, $5) RETURNING "id"[0m  [["name", "Malcom Gladwell"], ["birthdate", "1963-09-03"], ["citation_count", 1540], ["created_at", "2023-03-27 03:07:30.101813"], ["updated_at", "2023-03-27 03:07:30.101813"]]
  ↳ db/seeds.rb:15
  [1m[35m (0.3ms)[0m  [1m[35mCOMMIT[0m
  ↳ db/seeds.rb:15
  [1m[35m (0.1ms)[0m  [1m[35mBEGIN[0m
  ↳ db/seeds.rb:16
  [1m[36mAuthor Create (0.2ms)[0m  [1m[32mINSERT INTO "authors" ("name", "birthdate", "citation_count", "created_at", "updated_at") VALUES ($1, $2, $3, $4, $5) RETURNING "id"[0m  [["name", "Seth Godin"], ["birthdate", "1960-07-10"], ["citation_count", 425], ["created_at", "2023-03-27 03:07:30.103025"], ["updated_at", "2023-03-27 03:07:30.103025"]]
  ↳ db/seeds.rb:16
  [1m[35m (0.2ms)[0m  [1m[35mCOMMIT[0m
  ↳ db/seeds.rb:16
  [1m[35m (0.1ms)[0m  [1m[35mBEGIN[0m
  ↳ db/seeds.rb:17
  [1m[36mAuthor Create (0.2ms)[0m  [1m[32mINSERT INTO "authors" ("name", "birthdate", "is_alive", "citation_count", "created_at", "updated_at") VALUES ($1, $2, $3, $4, $5, $6) RETURNING "id"[0m  [["name", "J.R.R. Tolkien"], ["birthdate", "1892-01-03"], ["is_alive", false], ["citation_count", 3329], ["created_at", "2023-03-27 03:07:30.104126"], ["updated_at", "2023-03-27 03:07:30.104126"]]
  ↳ db/seeds.rb:17
  [1m[35m (0.2ms)[0m  [1m[35mCOMMIT[0m
  ↳ db/seeds.rb:17
  [1m[35m (0.1ms)[0m  [1m[35mBEGIN[0m
  ↳ db/seeds.rb:19
  [1m[36mBook Create (1.5ms)[0m  [1m[32mINSERT INTO "books" ("title", "subtitle", "publisher", "publication_date", "page_count", "author_id", "created_at", "updated_at") VALUES ($1, $2, $3, $4, $5, $6, $7, $8) RETURNING "id"[0m  [["title", "Scattered Minds"], ["subtitle", "How Attention Deficit Disorder Originates and What You Can Do About It"], ["publisher", "Penguin"], ["publication_date", "2000-05-30"], ["page_count", 368], ["author_id", 1], ["created_at", "2023-03-27 03:07:30.121770"], ["updated_at", "2023-03-27 03:07:30.121770"]]
  ↳ db/seeds.rb:19
  [1m[35m (0.2ms)[0m  [1m[35mCOMMIT[0m
  ↳ db/seeds.rb:19
  [1m[35m (0.1ms)[0m  [1m[35mBEGIN[0m
  ↳ db/seeds.rb:20
  [1m[36mBook Create (0.3ms)[0m  [1m[32mINSERT INTO "books" ("title", "subtitle", "publisher", "publication_date", "page_count", "author_id", "created_at", "updated_at") VALUES ($1, $2, $3, $4, $5, $6, $7, $8) RETURNING "id"[0m  [["title", "When the Body Says No"], ["subtitle", "Exploring the Stress-Disease Connection"], ["publisher", "Turner Publishing Company"], ["publication_date", "2004-02-03"], ["page_count", 320], ["author_id", 1], ["created_at", "2023-03-27 03:07:30.124486"], ["updated_at", "2023-03-27 03:07:30.124486"]]
  ↳ db/seeds.rb:20
  [1m[35m (0.2ms)[0m  [1m[35mCOMMIT[0m
  ↳ db/seeds.rb:20
  [1m[35m (0.1ms)[0m  [1m[35mBEGIN[0m
  ↳ db/seeds.rb:21
  [1m[36mBook Create (0.3ms)[0m  [1m[32mINSERT INTO "books" ("title", "subtitle", "publisher", "publication_date", "page_count", "author_id", "created_at", "updated_at") VALUES ($1, $2, $3, $4, $5, $6, $7, $8) RETURNING "id"[0m  [["title", "Hold on to Your Kids"], ["subtitle", "Why Parents Need to Matter More Than Peers"], ["publisher", "Ballantine Books"], ["publication_date", "2006-08-15"], ["page_count", 352], ["author_id", 1], ["created_at", "2023-03-27 03:07:30.125764"], ["updated_at", "2023-03-27 03:07:30.125764"]]
  ↳ db/seeds.rb:21
  [1m[35m (0.2ms)[0m  [1m[35mCOMMIT[0m
  ↳ db/seeds.rb:21
  [1m[35m (0.1ms)[0m  [1m[35mBEGIN[0m
  ↳ db/seeds.rb:22
  [1m[36mBook Create (0.3ms)[0m  [1m[32mINSERT INTO "books" ("title", "subtitle", "publisher", "publication_date", "page_count", "author_id", "created_at", "updated_at") VALUES ($1, $2, $3, $4, $5, $6, $7, $8) RETURNING "id"[0m  [["title", "In the Realm of Hungry Ghosts"], ["subtitle", "Close Encounters with Addiction"], ["publisher", "North Atlantic Books"], ["publication_date", "2010-01-05"], ["page_count", 480], ["author_id", 1], ["created_at", "2023-03-27 03:07:30.127017"], ["updated_at", "2023-03-27 03:07:30.127017"]]
  ↳ db/seeds.rb:22
  [1m[35m (0.2ms)[0m  [1m[35mCOMMIT[0m
  ↳ db/seeds.rb:22
  [1m[35m (0.1ms)[0m  [1m[35mBEGIN[0m
  ↳ db/seeds.rb:23
  [1m[36mBook Create (0.3ms)[0m  [1m[32mINSERT INTO "books" ("title", "subtitle", "publisher", "publication_date", "page_count", "author_id", "created_at", "updated_at") VALUES ($1, $2, $3, $4, $5, $6, $7, $8) RETURNING "id"[0m  [["title", "The Myth of Normal"], ["subtitle", "Trauma, Illness and Healing in a Toxic Culture"], ["publisher", "Avery"], ["publication_date", "2022-09-13"], ["page_count", 576], ["author_id", 1], ["created_at", "2023-03-27 03:07:30.128299"], ["updated_at", "2023-03-27 03:07:30.128299"]]
  ↳ db/seeds.rb:23
  [1m[35m (0.2ms)[0m  [1m[35mCOMMIT[0m
  ↳ db/seeds.rb:23
  [1m[35m (0.1ms)[0m  [1m[35mBEGIN[0m
  ↳ db/seeds.rb:25
  [1m[36mBook Create (0.3ms)[0m  [1m[32mINSERT INTO "books" ("title", "subtitle", "publisher", "publication_date", "page_count", "author_id", "created_at", "updated_at") VALUES ($1, $2, $3, $4, $5, $6, $7, $8) RETURNING "id"[0m  [["title", "The Tipping Point"], ["subtitle", "How Little Things Can Make a Big Difference"], ["publisher", "Little Brown"], ["publication_date", "2000-03-01"], ["page_count", 304], ["author_id", 2], ["created_at", "2023-03-27 03:07:30.129603"], ["updated_at", "2023-03-27 03:07:30.129603"]]
  ↳ db/seeds.rb:25
  [1m[35m (0.2ms)[0m  [1m[35mCOMMIT[0m
  ↳ db/seeds.rb:25
  [1m[35m (0.1ms)[0m  [1m[35mBEGIN[0m
  ↳ db/seeds.rb:26
  [1m[36mBook Create (0.3ms)[0m  [1m[32mINSERT INTO "books" ("title", "subtitle", "publisher", "publication_date", "page_count", "author_id", "created_at", "updated_at") VALUES ($1, $2, $3, $4, $5, $6, $7, $8) RETURNING "id"[0m  [["title", "Blink"], ["subtitle", "The Power of Thinking Without Thinking"], ["publisher", "Little Brown"], ["publication_date", "2005-01-11"], ["page_count", 320], ["author_id", 2], ["created_at", "2023-03-27 03:07:30.130837"], ["updated_at", "2023-03-27 03:07:30.130837"]]
  ↳ db/seeds.rb:26
  [1m[35m (0.4ms)[0m  [1m[35mCOMMIT[0m
  ↳ db/seeds.rb:26
  [1m[35m (0.1ms)[0m  [1m[35mBEGIN[0m
  ↳ db/seeds.rb:27
  [1m[36mBook Create (0.2ms)[0m  [1m[32mINSERT INTO "books" ("title", "subtitle", "publisher", "publication_date", "page_count", "author_id", "created_at", "updated_at") VALUES ($1, $2, $3, $4, $5, $6, $7, $8) RETURNING "id"[0m  [["title", "Outliers"], ["subtitle", "The Story of Success"], ["publisher", "Little Brown"], ["publication_date", "2008-11-18"], ["page_count", 304], ["author_id", 2], ["created_at", "2023-03-27 03:07:30.132232"], ["updated_at", "2023-03-27 03:07:30.132232"]]
  ↳ db/seeds.rb:27
  [1m[35m (0.2ms)[0m  [1m[35mCOMMIT[0m
  ↳ db/seeds.rb:27
  [1m[35m (0.1ms)[0m  [1m[35mBEGIN[0m
  ↳ db/seeds.rb:28
  [1m[36mBook Create (0.2ms)[0m  [1m[32mINSERT INTO "books" ("title", "subtitle", "publisher", "publication_date", "page_count", "author_id", "created_at", "updated_at") VALUES ($1, $2, $3, $4, $5, $6, $7, $8) RETURNING "id"[0m  [["title", "What the Dog Saw"], ["subtitle", "And Other Adventures"], ["publisher", "Little Brown"], ["publication_date", "2009-10-20"], ["page_count", 432], ["author_id", 2], ["created_at", "2023-03-27 03:07:30.133383"], ["updated_at", "2023-03-27 03:07:30.133383"]]
  ↳ db/seeds.rb:28
  [1m[35m (0.2ms)[0m  [1m[35mCOMMIT[0m
  ↳ db/seeds.rb:28
  [1m[35m (0.1ms)[0m  [1m[35mBEGIN[0m
  ↳ db/seeds.rb:29
  [1m[36mBook Create (0.2ms)[0m  [1m[32mINSERT INTO "books" ("title", "subtitle", "publisher", "publication_date", "page_count", "author_id", "created_at", "updated_at") VALUES ($1, $2, $3, $4, $5, $6, $7, $8) RETURNING "id"[0m  [["title", "David and Goliath"], ["subtitle", "Underdogs, Misfits, and the Art of Battling Giants"], ["publisher", "Little Brown"], ["publication_date", "2013-10-01"], ["page_count", 320], ["author_id", 2], ["created_at", "2023-03-27 03:07:30.134569"], ["updated_at", "2023-03-27 03:07:30.134569"]]
  ↳ db/seeds.rb:29
  [1m[35m (0.2ms)[0m  [1m[35mCOMMIT[0m
  ↳ db/seeds.rb:29
  [1m[35m (0.1ms)[0m  [1m[35mBEGIN[0m
  ↳ db/seeds.rb:30
  [1m[36mBook Create (0.2ms)[0m  [1m[32mINSERT INTO "books" ("title", "subtitle", "publisher", "publication_date", "page_count", "author_id", "created_at", "updated_at") VALUES ($1, $2, $3, $4, $5, $6, $7, $8) RETURNING "id"[0m  [["title", "Talking to Strangers"], ["subtitle", "What We Should Know about the People We Don't Know"], ["publisher", "Little Brown"], ["publication_date", "2019-09-10"], ["page_count", 400], ["author_id", 2], ["created_at", "2023-03-27 03:07:30.135739"], ["updated_at", "2023-03-27 03:07:30.135739"]]
  ↳ db/seeds.rb:30
  [1m[35m (0.2ms)[0m  [1m[35mCOMMIT[0m
  ↳ db/seeds.rb:30
  [1m[35m (0.1ms)[0m  [1m[35mBEGIN[0m
  ↳ db/seeds.rb:31
  [1m[36mBook Create (0.2ms)[0m  [1m[32mINSERT INTO "books" ("title", "subtitle", "publisher", "publication_date", "page_count", "author_id", "created_at", "updated_at") VALUES ($1, $2, $3, $4, $5, $6, $7, $8) RETURNING "id"[0m  [["title", "The Bomber Mafia"], ["subtitle", "A Dream, a Temptation, and the Longest Night of the Second World War"], ["publisher", "Little Brown"], ["publication_date", "2021-04-27"], ["page_count", 256], ["author_id", 2], ["created_at", "2023-03-27 03:07:30.137047"], ["updated_at", "2023-03-27 03:07:30.137047"]]
  ↳ db/seeds.rb:31
  [1m[35m (0.2ms)[0m  [1m[35mCOMMIT[0m
  ↳ db/seeds.rb:31
  [1m[35m (0.1ms)[0m  [1m[35mBEGIN[0m
  ↳ db/seeds.rb:33
  [1m[36mBook Create (0.3ms)[0m  [1m[32mINSERT INTO "books" ("title", "publisher", "publication_date", "is_in_print", "page_count", "author_id", "created_at", "updated_at") VALUES ($1, $2, $3, $4, $5, $6, $7, $8) RETURNING "id"[0m  [["title", "Email Addresses of the Rich & Famous"], ["publisher", "Pearson Education"], ["publication_date", "1993-06-01"], ["is_in_print", false], ["page_count", 130], ["author_id", 3], ["created_at", "2023-03-27 03:07:30.138398"], ["updated_at", "2023-03-27 03:07:30.138398"]]
  ↳ db/seeds.rb:33
  [1m[35m (0.2ms)[0m  [1m[35mCOMMIT[0m
  ↳ db/seeds.rb:33
  [1m[35m (0.1ms)[0m  [1m[35mBEGIN[0m
  ↳ db/seeds.rb:34
  [1m[36mBook Create (0.3ms)[0m  [1m[32mINSERT INTO "books" ("title", "subtitle", "publisher", "publication_date", "page_count", "author_id", "created_at", "updated_at") VALUES ($1, $2, $3, $4, $5, $6, $7, $8) RETURNING "id"[0m  [["title", "Permission Marketing"], ["subtitle", "Turning Strangers into Friends, and Friends into Customers"], ["publisher", "Simon & Schuster"], ["publication_date", "1999-05-06"], ["page_count", 254], ["author_id", 3], ["created_at", "2023-03-27 03:07:30.139730"], ["updated_at", "2023-03-27 03:07:30.139730"]]
  ↳ db/seeds.rb:34
  [1m[35m (0.2ms)[0m  [1m[35mCOMMIT[0m
  ↳ db/seeds.rb:34
  [1m[35m (0.1ms)[0m  [1m[35mBEGIN[0m
  ↳ db/seeds.rb:35
  [1m[36mBook Create (0.3ms)[0m  [1m[32mINSERT INTO "books" ("title", "publisher", "publication_date", "is_in_print", "page_count", "author_id", "created_at", "updated_at") VALUES ($1, $2, $3, $4, $5, $6, $7, $8) RETURNING "id"[0m  [["title", "Unleashing the Ideavirus"], ["publisher", "Hyperion"], ["publication_date", "2001-10-01"], ["is_in_print", false], ["page_count", 197], ["author_id", 3], ["created_at", "2023-03-27 03:07:30.140970"], ["updated_at", "2023-03-27 03:07:30.140970"]]
  ↳ db/seeds.rb:35
  [1m[35m (0.2ms)[0m  [1m[35mCOMMIT[0m
  ↳ db/seeds.rb:35
  [1m[35m (0.1ms)[0m  [1m[35mBEGIN[0m
  ↳ db/seeds.rb:36
  [1m[36mBook Create (0.2ms)[0m  [1m[32mINSERT INTO "books" ("title", "subtitle", "publisher", "publication_date", "page_count", "author_id", "created_at", "updated_at") VALUES ($1, $2, $3, $4, $5, $6, $7, $8) RETURNING "id"[0m  [["title", "Purple Cow"], ["subtitle", "Transform Your Business By Being Remarkable"], ["publisher", "Portfolio"], ["publication_date", "2003-01-27"], ["page_count", 170], ["author_id", 3], ["created_at", "2023-03-27 03:07:30.142240"], ["updated_at", "2023-03-27 03:07:30.142240"]]
  ↳ db/seeds.rb:36
  [1m[35m (0.2ms)[0m  [1m[35mCOMMIT[0m
  ↳ db/seeds.rb:36
  [1m[35m (0.1ms)[0m  [1m[35mBEGIN[0m
  ↳ db/seeds.rb:37
  [1m[36mBook Create (0.3ms)[0m  [1m[32mINSERT INTO "books" ("title", "subtitle", "publisher", "publication_date", "page_count", "author_id", "created_at", "updated_at") VALUES ($1, $2, $3, $4, $5, $6, $7, $8) RETURNING "id"[0m  [["title", "All Marketers Are Liars"], ["subtitle", "The Power of Telling Authentic Stories in a Low-Trust World"], ["publisher", "Penguin"], ["publication_date", "2005-05-19"], ["page_count", 186], ["author_id", 3], ["created_at", "2023-03-27 03:07:30.143533"], ["updated_at", "2023-03-27 03:07:30.143533"]]
  ↳ db/seeds.rb:37
  [1m[35m (0.2ms)[0m  [1m[35mCOMMIT[0m
  ↳ db/seeds.rb:37
  [1m[35m (0.1ms)[0m  [1m[35mBEGIN[0m
  ↳ db/seeds.rb:38
  [1m[36mBook Create (0.3ms)[0m  [1m[32mINSERT INTO "books" ("title", "subtitle", "publisher", "publication_date", "page_count", "author_id", "created_at", "updated_at") VALUES ($1, $2, $3, $4, $5, $6, $7, $8) RETURNING "id"[0m  [["title", "The Dip"], ["subtitle", "A Little Book That Teaches You When to Quit (and When to Stick)"], ["publisher", "Portfolio"], ["publication_date", "2007-05-10"], ["page_count", 106], ["author_id", 3], ["created_at", "2023-03-27 03:07:30.144792"], ["updated_at", "2023-03-27 03:07:30.144792"]]
  ↳ db/seeds.rb:38
  [1m[35m (0.2ms)[0m  [1m[35mCOMMIT[0m
  ↳ db/seeds.rb:38
  [1m[35m (0.1ms)[0m  [1m[35mBEGIN[0m
  ↳ db/seeds.rb:39
  [1m[36mBook Create (0.3ms)[0m  [1m[32mINSERT INTO "books" ("title", "subtitle", "publisher", "publication_date", "page_count", "author_id", "created_at", "updated_at") VALUES ($1, $2, $3, $4, $5, $6, $7, $8) RETURNING "id"[0m  [["title", "Tribes"], ["subtitle", "We Need You to Lead Us"], ["publisher", "Portfolio"], ["publication_date", "2008-10-15"], ["page_count", 164], ["author_id", 3], ["created_at", "2023-03-27 03:07:30.146088"], ["updated_at", "2023-03-27 03:07:30.146088"]]
  ↳ db/seeds.rb:39
  [1m[35m (0.2ms)[0m  [1m[35mCOMMIT[0m
  ↳ db/seeds.rb:39
  [1m[35m (0.1ms)[0m  [1m[35mBEGIN[0m
  ↳ db/seeds.rb:40
  [1m[36mBook Create (0.3ms)[0m  [1m[32mINSERT INTO "books" ("title", "subtitle", "publisher", "publication_date", "page_count", "author_id", "created_at", "updated_at") VALUES ($1, $2, $3, $4, $5, $6, $7, $8) RETURNING "id"[0m  [["title", "Linchpin"], ["subtitle", "Are You Indispensable?"], ["publisher", "Portfolio"], ["publication_date", "2011-04-26"], ["page_count", 191], ["author_id", 3], ["created_at", "2023-03-27 03:07:30.147429"], ["updated_at", "2023-03-27 03:07:30.147429"]]
  ↳ db/seeds.rb:40
  [1m[35m (0.2ms)[0m  [1m[35mCOMMIT[0m
  ↳ db/seeds.rb:40
  [1m[35m (0.1ms)[0m  [1m[35mBEGIN[0m
  ↳ db/seeds.rb:41
  [1m[36mBook Create (0.3ms)[0m  [1m[32mINSERT INTO "books" ("title", "subtitle", "publisher", "publication_date", "page_count", "author_id", "created_at", "updated_at") VALUES ($1, $2, $3, $4, $5, $6, $7, $8) RETURNING "id"[0m  [["title", "The Icarus Deception"], ["subtitle", "How High Will You Fly?"], ["publisher", "Portfolio"], ["publication_date", "2012-12-31"], ["page_count", 266], ["author_id", 3], ["created_at", "2023-03-27 03:07:30.148699"], ["updated_at", "2023-03-27 03:07:30.148699"]]
  ↳ db/seeds.rb:41
  [1m[35m (0.2ms)[0m  [1m[35mCOMMIT[0m
  ↳ db/seeds.rb:41
  [1m[35m (0.1ms)[0m  [1m[35mBEGIN[0m
  ↳ db/seeds.rb:43
  [1m[36mBook Create (0.2ms)[0m  [1m[32mINSERT INTO "books" ("title", "publisher", "publication_date", "is_in_print", "page_count", "author_id", "created_at", "updated_at") VALUES ($1, $2, $3, $4, $5, $6, $7, $8) RETURNING "id"[0m  [["title", "On Fairy-Stories"], ["publisher", "Oxford University Press"], ["publication_date", "1947-12-04"], ["is_in_print", false], ["page_count", 128], ["author_id", 4], ["created_at", "2023-03-27 03:07:30.150009"], ["updated_at", "2023-03-27 03:07:30.150009"]]
  ↳ db/seeds.rb:43
  [1m[35m (0.2ms)[0m  [1m[35mCOMMIT[0m
  ↳ db/seeds.rb:43
  [1m[35m (0.1ms)[0m  [1m[35mBEGIN[0m
  ↳ db/seeds.rb:44
  [1m[36mBook Create (0.2ms)[0m  [1m[32mINSERT INTO "books" ("title", "subtitle", "publisher", "publication_date", "page_count", "author_id", "created_at", "updated_at") VALUES ($1, $2, $3, $4, $5, $6, $7, $8) RETURNING "id"[0m  [["title", "The Hobbit"], ["subtitle", "There and Back Again"], ["publisher", "George Allen & Unwin"], ["publication_date", "1937-09-21"], ["page_count", 310], ["author_id", 4], ["created_at", "2023-03-27 03:07:30.151229"], ["updated_at", "2023-03-27 03:07:30.151229"]]
  ↳ db/seeds.rb:44
  [1m[35m (0.2ms)[0m  [1m[35mCOMMIT[0m
  ↳ db/seeds.rb:44
  [1m[35m (0.1ms)[0m  [1m[35mBEGIN[0m
  ↳ db/seeds.rb:45
  [1m[36mBook Create (0.2ms)[0m  [1m[32mINSERT INTO "books" ("title", "publisher", "publication_date", "page_count", "author_id", "created_at", "updated_at") VALUES ($1, $2, $3, $4, $5, $6, $7) RETURNING "id"[0m  [["title", "The Fellowship of the Ring"], ["publisher", "George Allen & Unwin"], ["publication_date", "1954-07-29"], ["page_count", 423], ["author_id", 4], ["created_at", "2023-03-27 03:07:30.152414"], ["updated_at", "2023-03-27 03:07:30.152414"]]
  ↳ db/seeds.rb:45
  [1m[35m (0.2ms)[0m  [1m[35mCOMMIT[0m
  ↳ db/seeds.rb:45
  [1m[35m (0.1ms)[0m  [1m[35mBEGIN[0m
  ↳ db/seeds.rb:46
  [1m[36mBook Create (0.2ms)[0m  [1m[32mINSERT INTO "books" ("title", "publisher", "publication_date", "page_count", "author_id", "created_at", "updated_at") VALUES ($1, $2, $3, $4, $5, $6, $7) RETURNING "id"[0m  [["title", "The Two Towers"], ["publisher", "George Allen & Unwin"], ["publication_date", "1954-11-11"], ["page_count", 352], ["author_id", 4], ["created_at", "2023-03-27 03:07:30.153575"], ["updated_at", "2023-03-27 03:07:30.153575"]]
  ↳ db/seeds.rb:46
  [1m[35m (0.2ms)[0m  [1m[35mCOMMIT[0m
  ↳ db/seeds.rb:46
  [1m[35m (0.1ms)[0m  [1m[35mBEGIN[0m
  ↳ db/seeds.rb:47
  [1m[36mBook Create (0.2ms)[0m  [1m[32mINSERT INTO "books" ("title", "publisher", "publication_date", "page_count", "author_id", "created_at", "updated_at") VALUES ($1, $2, $3, $4, $5, $6, $7) RETURNING "id"[0m  [["title", "The Return Of The King"], ["publisher", "George Allen & Unwin"], ["publication_date", "1955-10-20"], ["page_count", 416], ["author_id", 4], ["created_at", "2023-03-27 03:07:30.154816"], ["updated_at", "2023-03-27 03:07:30.154816"]]
  ↳ db/seeds.rb:47
  [1m[35m (0.2ms)[0m  [1m[35mCOMMIT[0m
  ↳ db/seeds.rb:47
  [1m[35m (0.1ms)[0m  [1m[35mBEGIN[0m
  ↳ db/seeds.rb:48
  [1m[36mBook Create (0.2ms)[0m  [1m[32mINSERT INTO "books" ("title", "publisher", "publication_date", "page_count", "author_id", "created_at", "updated_at") VALUES ($1, $2, $3, $4, $5, $6, $7) RETURNING "id"[0m  [["title", "The Silmarillion"], ["publisher", "George Allen & Unwin"], ["publication_date", "1977-09-15"], ["page_count", 365], ["author_id", 4], ["created_at", "2023-03-27 03:07:30.156078"], ["updated_at", "2023-03-27 03:07:30.156078"]]
  ↳ db/seeds.rb:48
  [1m[35m (0.2ms)[0m  [1m[35mCOMMIT[0m
  ↳ db/seeds.rb:48
